<?xml version="1.0" encoding="utf-8"?>
<TestRun id="e6f6230c-ffb0-401b-9aa7-1deab468319e" name="@Chris-MacBook-Air-M2 2026-08-28 14:13:53" xmlns="http://microsoft.com/schemas/VisualStudio/TeamTest/2010">
  <Times creation="2026-08-28T14:13:53.3622620-05:00" queuing="2026-08-28T14:13:53.3622620-05:00" start="2026-08-28T14:13:52.6333520-05:00" finish="2026-08-28T14:13:54.8669540-05:00" />
  <TestSettings name="default" id="9c5b6099-9dff-46a3-a14d-2e7265c690d6">
    <Deployment runDeploymentRoot="_Chris-MacBook-Air-M2_2026-08-28_14_13_53" />
  </TestSettings>
  <Results>
    <UnitTestResult executionId="5d4eaf0e-c250-4874-b4ad-dd1d76478f34" testId="9c1f5f54-433c-76c1-4f1b-e231ca07b23a" testName="Translator.Tests.ModFunctionDiscoveryTests.DiscoversModuleBaseBctrThunk" computerName="Chris-MacBook-Air-M2" duration="00:00:00.0001800" startTime="2026-08-28T14:13:53.8622510-05:00" endTime="2026-08-28T14:13:53.8622510-05:00" testType="13cdc9d9-ddb5-4fa4-a97d-d965ccfc6d4b" outcome="Passed" testListId="8c84fa94-04c1-424b-9868-57a2d4851a1d" relativeResultsDirectory="5d4eaf0e-c250-4874-b4ad-dd1d76478f34" />
    <UnitTestResult executionId="b91eb022-5bb0-4c49-9316-e7f9167dd245" testId="036bc7f4-62cb-0ee0-d368-33d918549173" testName="Translator.Tests.GuestMemoryRangeLoweringTests.TracksAffineBaseUpdateBetweenAccesses" computerName="Chris-MacBook-Air-M2" duration="00:00:00.0001527" startTime="2026-08-28T14:13:53.7080300-05:00" endTime="2026-08-28T14:13:53.7080300-05:00" testType="13cdc9d9-ddb5-4fa4-a97d-d965ccfc6d4b" outcome="Passed" testListId="8c84fa94-04c1-424b-9868-57a2d4851a1d" relativeResultsDirectory="b91eb022-5bb0-4c49-9316-e7f9167dd245" />
    <UnitTestResult executionId="d47a3f7c-e110-439c-810b-10ded5c39815" testId="66732b2b-032f-f9c6-8ae7-1944299980d9" testName="Translator.Tests.GeneratedOutputPrunerTests.MetadataPruningRefusesPathOutsideOutputRoot" computerName="Chris-MacBook-Air-M2" duration="00:00:00.0064905" startTime="2026-08-28T14:13:53.7079180-05:00" endTime="2026-08-28T14:13:53.7079180-05:00" testType="13cdc9d9-ddb5-4fa4-a97d-d965ccfc6d4b" outcome="Passed" testListId="8c84fa94-04c1-424b-9868-57a2d4851a1d" relativeResultsDirectory="d47a3f7c-e110-439c-810b-10ded5c39815" />
    <UnitTestResult executionId="a05c6441-973d-49d0-9f00-cd41564fe227" testId="0b8b99b4-082e-0006-49fc-449f314f4de2" testName="Translator.Tests.GqrConstantPropagationTests.MergeKeepsOnlyEqualMustConstants" computerName="Chris-MacBook-Air-M2" duration="00:00:00.0004315" startTime="2026-08-28T14:13:53.5237770-05:00" endTime="2026-08-28T14:13:53.5237770-05:00" testType="13cdc9d9-ddb5-4fa4-a97d-d965ccfc6d4b" outcome="Passed" testListId="8c84fa94-04c1-424b-9868-57a2d4851a1d" relativeResultsDirectory="a05c6441-973d-49d0-9f00-cd41564fe227" />
    <UnitTestResult executionId="ad332d8a-ab5c-45bc-886c-2cdc399d559d" testId="bdd651b8-7a47-799f-996e-29551452c288" testName="Translator.Tests.FloatingLifterTests.LiftsFloatingBinaryMnemonics(mnemonic: &quot;fdiv&quot;, op: &quot;fdiv&quot;)" computerName="Chris-MacBook-Air-M2" duration="00:00:00.0001830" startTime="2026-08-28T14:13:53.4127460-05:00" endTime="2026-08-28T14:13:53.4127460-05:00" testType="13cdc9d9-ddb5-4fa4-a97d-d965ccfc6d4b" outcome="Passed" testListId="8c84fa94-04c1-424b-9868-57a2d4851a1d" relativeResultsDirectory="ad332d8a-ab5c-45bc-886c-2cdc399d559d" />
    <UnitTestResult executionId="84d2d5ea-6acc-440b-bc53-64da1d29a09a" testId="f3829016-3ee0-c4cb-b461-eb92564dc00e" testName="Translator.Tests.GuestMemoryRangeLoweringTests.KeepsSeparateRangesForBasesLoadedThroughAFunctionLiveInRange" computerName="Chris-MacBook-Air-M2" duration="00:00:00.0004919" startTime="2026-08-28T14:13:53.7124250-05:00" endTime="2026-08-28T14:13:53.7124250-05:00" testType="13cdc9d9-ddb5-4fa4-a97d-d965ccfc6d4b" outcome="Passed" testListId="8c84fa94-04c1-424b-9868-57a2d4851a1d" relativeResultsDirectory="84d2d5ea-6acc-440b-bc53-64da1d29a09a" />
    <UnitTestResult executionId="b2ae31a6-0f77-4d74-b6cd-88a2495dec7b" testId="84e5e379-83fd-b2d4-06b7-6ce8bc8952a7" testName="Translator.Tests.RegisterResidencyCodeGenTests.StateFreeVariantIsUnchangedWhileThePublicEntryBecomesResident" computerName="Chris-MacBook-Air-M2" duration="00:00:00.1710375" startTime="2026-08-28T14:13:53.6505530-05:00" endTime="2026-08-28T14:13:53.6505530-05:00" testType="13cdc9d9-ddb5-4fa4-a97d-d965ccfc6d4b" outcome="Passed" testListId="8c84fa94-04c1-424b-9868-57a2d4851a1d" relativeResultsDirectory="b2ae31a6-0f77-4d74-b6cd-88a2495dec7b" />
    <UnitTestResult executionId="400d538b-88ba-4473-b535-1f24381371d8" testId="1cfe447a-1216-cc05-5b6c-8e8f710a436a" testName="Translator.Tests.RegisterResidencyCodeGenTests.GuestCallIsBracketedByFlushAndReload" computerName="Chris-MacBook-Air-M2" duration="00:00:00.0005182" startTime="2026-08-28T14:13:53.6770710-05:00" endTime="2026-08-28T14:13:53.6770720-05:00" testType="13cdc9d9-ddb5-4fa4-a97d-d965ccfc6d4b" outcome="Passed" testListId="8c84fa94-04c1-424b-9868-57a2d4851a1d" relativeResultsDirectory="400d538b-88ba-4473-b535-1f24381371d8" />
    <UnitTestResult executionId="c90743db-1a95-4538-9c02-f2a0497287f7" testId="d0b7b6ef-18b9-d9c8-16f6-da296af82129" testName="Translator.Tests.GpuFifoBurstCodeGenTests.BranchSplitsTheRunAndEachSideBurstsIndependently" computerName="Chris-MacBook-Air-M2" duration="00:00:00.0007099" startTime="2026-08-28T14:13:53.7369780-05:00" endTime="2026-08-28T14:13:53.7369780-05:00" testType="13cdc9d9-ddb5-4fa4-a97d-d965ccfc6d4b" outcome="Passed" testListId="8c84fa94-04c1-424b-9868-57a2d4851a1d" relativeResultsDirectory="c90743db-1a95-4538-9c02-f2a0497287f7" />
    <UnitTestResult executionId="1482546c-6f80-4dc3-b4b1-620c05eaac30" testId="d5c21c4d-09a7-38e8-351f-dc7b94d66060" testName="Translator.Tests.GuestMemoryRangeLoweringTests.DoesNotSplitOverlappingReadAndWriteAliasesIntoIndependentRanges" computerName="Chris-MacBook-Air-M2" duration="00:00:00.0025757" startTime="2026-08-28T14:13:53.7078630-05:00" endTime="2026-08-28T14:13:53.7078630-05:00" testType="13cdc9d9-ddb5-4fa4-a97d-d965ccfc6d4b" outcome="Passed" testListId="8c84fa94-04c1-424b-9868-57a2d4851a1d" relativeResultsDirectory="1482546c-6f80-4dc3-b4b1-620c05eaac30" />
    <UnitTestResult executionId="ae203112-44b9-478e-a65e-4016909eae57" testId="865648d1-468c-2d66-6a70-8d3f25cdc129" testName="Translator.Tests.TransactionalDirectoryOutputTests.FailedGenerationExposesStagingDiagnosticsBeforeCleanup" computerName="Chris-MacBook-Air-M2" duration="00:00:00.0007262" startTime="2026-08-28T14:13:53.7220400-05:00" endTime="2026-08-28T14:13:53.7220400-05:00" testType="13cdc9d9-ddb5-4fa4-a97d-d965ccfc6d4b" outcome="Passed" testListId="8c84fa94-04c1-424b-9868-57a2d4851a1d" relativeResultsDirectory="ae203112-44b9-478e-a65e-4016909eae57" />
    <UnitTestResult executionId="f522a25a-ffad-4cd1-a5a4-f0cca3beca66" testId="32873737-5511-d75c-188c-13e2f6f0438f" testName="Translator.Tests.FlagElisionCodeGenTests.RecordFormWriteOverwrittenBeforeAnyReadIsRemoved" computerName="Chris-MacBook-Air-M2" duration="00:00:00.0003620" startTime="2026-08-28T14:13:53.4289800-05:00" endTime="2026-08-28T14:13:53.4289800-05:00" testType="13cdc9d9-ddb5-4fa4-a97d-d965ccfc6d4b" outcome="Passed" testListId="8c84fa94-04c1-424b-9868-57a2d4851a1d" relativeResultsDirectory="f522a25a-ffad-4cd1-a5a4-f0cca3beca66" />
    <UnitTestResult executionId="cbe11556-53c0-4958-97b5-57a6001ac0c2" testId="db9ff57a-6d6b-9406-2d5b-cacdaa3cafd3" testName="Translator.Tests.GqrConstantPropagationTests.SpecializesKnownGqrAfterConstantWrite" computerName="Chris-MacBook-Air-M2" duration="00:00:00.0002376" startTime="2026-08-28T14:13:53.4949840-05:00" endTime="2026-08-28T14:13:53.4949840-05:00" testType="13cdc9d9-ddb5-4fa4-a97d-d965ccfc6d4b" outcome="Passed" testListId="8c84fa94-04c1-424b-9868-57a2d4851a1d" relativeResultsDirectory="cbe11556-53c0-4958-97b5-57a6001ac0c2" />
    <UnitTestResult executionId="98c4cfe8-a811-4801-9a6e-8dd63555ed9c" testId="8f832bf3-8c56-a86f-5e66-ff37212e938e" testName="Translator.Tests.InlineArithmeticTableCodeGenTests.PairedArithmeticTargetsUseExpectedInlineHelper(target: &quot;PPC_PsMsub&quot;, expected: &quot;PPC_PsMsubInline&quot;)" computerName="Chris-MacBook-Air-M2" duration="00:00:00.0005494" startTime="2026-08-28T14:13:53.6527410-05:00" endTime="2026-08-28T14:13:53.6527410-05:00" testType="13cdc9d9-ddb5-4fa4-a97d-d965ccfc6d4b" outcome="Passed" testListId="8c84fa94-04c1-424b-9868-57a2d4851a1d" relativeResultsDirectory="98c4cfe8-a811-4801-9a6e-8dd63555ed9c" />
    <UnitTestResult executionId="a0fe212e-65ff-4fd9-a203-e5c686ccaf2f" testId="d05b2a69-aa43-3200-b4e5-b31c30584aff" testName="Translator.Tests.InlineArithmeticTableCodeGenTests.PairedArithmeticTargetsUseExpectedInlineHelper(target: &quot;PPC_PsMerge01&quot;, expected: &quot;PPC_PsMerge01Inline&quot;)" computerName="Chris-MacBook-Air-M2" duration="00:00:00.0005097" startTime="2026-08-28T14:13:53.6723000-05:00" endTime="2026-08-28T14:13:53.6723000-05:00" testType="13cdc9d9-ddb5-4fa4-a97d-d965ccfc6d4b" outcome="Passed" testListId="8c84fa94-04c1-424b-9868-57a2d4851a1d" relativeResultsDirectory="a0fe212e-65ff-4fd9-a203-e5c686ccaf2f" />
    <UnitTestResult executionId="487e7f1a-1598-4d27-a4e4-82804c249623" testId="2e72bac3-ba70-2997-6e8b-1c22b4f61969" testName="Translator.Tests.FlagElisionCodeGenTests.CompareFeedingItsOnlyBranchBecomesADirectComparison(condition: &quot;beq&quot;, isUnsigned: False, expected: &quot;(static_cast&lt;int32_t&gt;(r3) == static_cast&lt;int32_t&gt;(&quot;...)" computerName="Chris-MacBook-Air-M2" duration="00:00:00.0002392" startTime="2026-08-28T14:13:53.4156210-05:00" endTime="2026-08-28T14:13:53.4156210-05:00" testType="13cdc9d9-ddb5-4fa4-a97d-d965ccfc6d4b" outcome="Passed" testListId="8c84fa94-04c1-424b-9868-57a2d4851a1d" relativeResultsDirectory="487e7f1a-1598-4d27-a4e4-82804c249623" />
    <UnitTestResult executionId="4e2a26e7-87f7-4e15-99f8-b64f7b3d5c75" testId="431d9560-535d-cea7-3bf4-11b63c4b7390" testName="Translator.Tests.PpcDecoderPrimary19Tests.DecodesCrLogicalOps(xo: 193, expectedMnemonic: &quot;crxor&quot;)" computerName="Chris-MacBook-Air-M2" duration="00:00:00.0001171" startTime="2026-08-28T14:13:53.4623390-05:00" endTime="2026-08-28T14:13:53.4623390-05:00" testType="13cdc9d9-ddb5-4fa4-a97d-d965ccfc6d4b" outcome="Passed" testListId="8c84fa94-04c1-424b-9868-57a2d4851a1d" relativeResultsDirectory="4e2a26e7-87f7-4e15-99f8-b64f7b3d5c75" />
    <UnitTestResult executionId="65109db3-f11a-479e-9b0f-6fb544eeaf88" testId="769669e9-f62d-a158-3520-83bcadbaa13a" testName="Translator.Tests.BaseTranslationModAwarenessTests.SurvivesAWriteAndReadRoundTrip" computerName="Chris-MacBook-Air-M2" duration="00:00:00.0385386" startTime="2026-08-28T14:13:53.3371470-05:00" endTime="2026-08-28T14:13:53.3371470-05:00" testType="13cdc9d9-ddb5-4fa4-a97d-d965ccfc6d4b" outcome="Passed" testListId="8c84fa94-04c1-424b-9868-57a2d4851a1d" relativeResultsDirectory="65109db3-f11a-479e-9b0f-6fb544eeaf88" />
    <UnitTestResult executionId="402e5dfa-0979-4d68-b6cb-fc94767faa35" testId="5f3fd7fa-f16c-a1e6-6214-d7dbc6532e40" testName="Translator.Tests.GuestStateLivenessAnalyzerTests.TailCallWithoutLinkDestinationKeepsIncomingLrLive" computerName="Chris-MacBook-Air-M2" duration="00:00:00.0002776" startTime="2026-08-28T14:13:53.3322390-05:00" endTime="2026-08-28T14:13:53.3322390-05:00" testType="13cdc9d9-ddb5-4fa4-a97d-d965ccfc6d4b" outcome="Passed" testListId="8c84fa94-04c1-424b-9868-57a2d4851a1d" relativeResultsDirectory="402e5dfa-0979-4d68-b6cb-fc94767faa35" />
    <UnitTestResult executionId="a163ebd8-0277-4ef1-a0c9-59d1c740d203" testId="e37daaa0-8f5f-ab0d-41e6-75a4dcb9f2a8" testName="Translator.Tests.PairedSingleLifterTests.LiftsAdditionalRawOpc4ArithmeticVariants(mnemonic: &quot;opc_4_48&quot;, kind: &quot;call&quot;, opOrTarget: &quot;PPC_PsRes&quot;)" computerName="Chris-MacBook-Air-M2" duration="00:00:00.0000137" startTime="2026-08-28T14:13:53.6938600-05:00" endTime="2026-08-28T14:13:53.6938600-05:00" testType="13cdc9d9-ddb5-4fa4-a97d-d965ccfc6d4b" outcome="Passed" testListId="8c84fa94-04c1-424b-9868-57a2d4851a1d" relativeResultsDirectory="a163ebd8-0277-4ef1-a0c9-59d1c740d203" />
    <UnitTestResult executionId="801e96a7-9cbe-4c42-a7a2-6dad7a161a5d" testId="243d2913-359b-3c8d-56f3-744fa282ad6b" testName="Translator.Tests.InlineArithmeticTableCodeGenTests.PairedArithmeticTargetsUseExpectedInlineHelper(target: &quot;PPC_PsMsubNoNi&quot;, expected: &quot;PPC_PsMsubNoNiInline&quot;)" computerName="Chris-MacBook-Air-M2" duration="00:00:00.0001613" startTime="2026-08-28T14:13:53.6678380-05:00" endTime="2026-08-28T14:13:53.6678380-05:00" testType="13cdc9d9-ddb5-4fa4-a97d-d965ccfc6d4b" outcome="Passed" testListId="8c84fa94-04c1-424b-9868-57a2d4851a1d" relativeResultsDirectory="801e96a7-9cbe-4c42-a7a2-6dad7a161a5d" />
    <UnitTestResult executionId="178bccbb-6994-4d1b-8681-41e217ec29fd" testId="1da45058-987a-455f-681d-0c64fea5543d" testName="Translator.Tests.GpuFifoBurstCodeGenTests.ThirteenMixedWidthStoresBecomeOneBurstWithBigEndianLayout" computerName="Chris-MacBook-Air-M2" duration="00:00:00.0009433" startTime="2026-08-28T14:13:53.7215390-05:00" endTime="2026-08-28T14:13:53.7215390-05:00" testType="13cdc9d9-ddb5-4fa4-a97d-d965ccfc6d4b" outcome="Passed" testListId="8c84fa94-04c1-424b-9868-57a2d4851a1d" relativeResultsDirectory="178bccbb-6994-4d1b-8681-41e217ec29fd" />
    <UnitTestResult executionId="4242462d-6d11-4ce1-af14-9cee9cb4c340" testId="68db42ff-f153-d460-4e3d-ffe3f697c9f6" testName="Translator.Tests.FlagElisionCodeGenTests.LinkRegisterStoreIsKeptForAModOverridableCallee" computerName="Chris-MacBook-Air-M2" duration="00:00:00.0002808" startTime="2026-08-28T14:13:53.4156690-05:00" endTime="2026-08-28T14:13:53.4156690-05:00" testType="13cdc9d9-ddb5-4fa4-a97d-d965ccfc6d4b" outcome="Passed" testListId="8c84fa94-04c1-424b-9868-57a2d4851a1d" relativeResultsDirectory="4242462d-6d11-4ce1-af14-9cee9cb4c340" />
    <UnitTestResult executionId="8680a8f2-0eb0-4d90-96b7-1f008ac5ee66" testId="99156452-d596-b18f-d386-b4693349d40a" testName="Translator.Tests.PpcOperandTests.BaseOperandToStringDelegatesToTypedFormatter" computerName="Chris-MacBook-Air-M2" duration="00:00:00.0002590" startTime="2026-08-28T14:13:53.4594270-05:00" endTime="2026-08-28T14:13:53.4594270-05:00" testType="13cdc9d9-ddb5-4fa4-a97d-d965ccfc6d4b" outcome="Passed" testListId="8c84fa94-04c1-424b-9868-57a2d4851a1d" relativeResultsDirectory="8680a8f2-0eb0-4d90-96b7-1f008ac5ee66" />
    <UnitTestResult executionId="c2faa1f2-8f07-4d71-b674-5997b1be580c" testId="248d3635-fffa-4061-ab1f-47330220268c" testName="Translator.Tests.LocalCodeGenOptimizationTests.FctiwPrivateStackStoreRemainsVisibleAcrossGuestCall" computerName="Chris-MacBook-Air-M2" duration="00:00:00.0008051" startTime="2026-08-28T14:13:53.4081910-05:00" endTime="2026-08-28T14:13:53.4081910-05:00" testType="13cdc9d9-ddb5-4fa4-a97d-d965ccfc6d4b" outcome="Passed" testListId="8c84fa94-04c1-424b-9868-57a2d4851a1d" relativeResultsDirectory="c2faa1f2-8f07-4d71-b674-5997b1be580c" />
    <UnitTestResult executionId="cac3ff57-5e0b-4a40-8e19-c5b50196283f" testId="fb14a6e4-4fe3-7a0d-862a-2f8ed8e44990" testName="Translator.Tests.InlineArithmeticTableCodeGenTests.ScalarArithmeticTargetsUseExpectedInlineHelper(target: &quot;PPC_Fsqrt&quot;, expected: &quot;std::sqrt&quot;)" computerName="Chris-MacBook-Air-M2" duration="00:00:00.0001520" startTime="2026-08-28T14:13:53.6488420-05:00" endTime="2026-08-28T14:13:53.6488420-05:00" testType="13cdc9d9-ddb5-4fa4-a97d-d965ccfc6d4b" outcome="Passed" testListId="8c84fa94-04c1-424b-9868-57a2d4851a1d" relativeResultsDirectory="cac3ff57-5e0b-4a40-8e19-c5b50196283f" />
    <UnitTestResult executionId="9152fde7-e6f0-4592-9fe8-4e06ddce915b" testId="e995c560-d0d5-5aa4-41ed-658a44bb797c" testName="Translator.Tests.LeafInliningTests.AnAcyclicMultiBlockCalleeIsSplicedWithItsOwnControlFlow" computerName="Chris-MacBook-Air-M2" duration="00:00:00.0012734" startTime="2026-08-28T14:13:53.4977490-05:00" endTime="2026-08-28T14:13:53.4977490-05:00" testType="13cdc9d9-ddb5-4fa4-a97d-d965ccfc6d4b" outcome="Passed" testListId="8c84fa94-04c1-424b-9868-57a2d4851a1d" relativeResultsDirectory="9152fde7-e6f0-4592-9fe8-4e06ddce915b" />
    <UnitTestResult executionId="aeffe110-d830-4ed6-8e2a-c39ed58b1007" testId="749aa08b-aba8-0c6f-7cef-d05e9e9965fe" testName="Translator.Tests.RiivolutionProfileConfigTests.RiivolutionWithoutXmlIsRejected" computerName="Chris-MacBook-Air-M2" duration="00:00:00.0028719" startTime="2026-08-28T14:13:53.3752270-05:00" endTime="2026-08-28T14:13:53.3752270-05:00" testType="13cdc9d9-ddb5-4fa4-a97d-d965ccfc6d4b" outcome="Passed" testListId="8c84fa94-04c1-424b-9868-57a2d4851a1d" relativeResultsDirectory="aeffe110-d830-4ed6-8e2a-c39ed58b1007" />
    <UnitTestResult executionId="bf6bb4e6-6cbd-4351-a896-a44ee4df1812" testId="996dc84e-06f0-ba2b-e750-bb12c1c3577a" testName="Translator.Tests.InlineArithmeticTableCodeGenTests.PairedArithmeticTargetsUseExpectedInlineHelper(target: &quot;PPC_PsMuls1&quot;, expected: &quot;PPC_PsMuls1Inline&quot;)" computerName="Chris-MacBook-Air-M2" duration="00:00:00.0004556" startTime="2026-08-28T14:13:53.6736410-05:00" endTime="2026-08-28T14:13:53.6736410-05:00" testType="13cdc9d9-ddb5-4fa4-a97d-d965ccfc6d4b" outcome="Passed" testListId="8c84fa94-04c1-424b-9868-57a2d4851a1d" relativeResultsDirectory="bf6bb4e6-6cbd-4351-a896-a44ee4df1812" />
    <UnitTestResult executionId="bef0f87a-b866-4359-9db5-0b5fba3fa85d" testId="e8e6f654-aad2-36cc-bc54-61a1e9909eac" testName="Translator.Tests.JumpTableDetectorTests.UsesFallbackUpperBoundWhenCompareUsesLogicalCounter" computerName="Chris-MacBook-Air-M2" duration="00:00:00.0049182" startTime="2026-08-28T14:13:53.4702080-05:00" endTime="2026-08-28T14:13:53.4702080-05:00" testType="13cdc9d9-ddb5-4fa4-a97d-d965ccfc6d4b" outcome="Passed" testListId="8c84fa94-04c1-424b-9868-57a2d4851a1d" relativeResultsDirectory="bef0f87a-b866-4359-9db5-0b5fba3fa85d" />
    <UnitTestResult executionId="3ab1f7b6-b21b-458a-88a5-6b1ce7dddfe3" testId="886b4dbc-6e02-faee-4994-eda5eee6c93b" testName="Translator.Tests.RetroWfcBootstrapSuppressorTests.SuppressRejectsStaleOrIncorrectProfileAddress" computerName="Chris-MacBook-Air-M2" duration="00:00:00.0014882" startTime="2026-08-28T14:13:53.3367970-05:00" endTime="2026-08-28T14:13:53.3367980-05:00" testType="13cdc9d9-ddb5-4fa4-a97d-d965ccfc6d4b" outcome="Passed" testListId="8c84fa94-04c1-424b-9868-57a2d4851a1d" relativeResultsDirectory="3ab1f7b6-b21b-458a-88a5-6b1ce7dddfe3" />
    <UnitTestResult executionId="2b7bedb3-710f-4d7e-b5ae-f31c72e15b9f" testId="6165b77a-5bc4-fcfc-0fb3-ac2723935140" testName="Translator.Tests.ScalarPairedBoundaryCodeGenTests.NormalizesPairedOperandsForEveryScalarFloatOperator(operation: &quot;fsqrt&quot;, consumesRightOperand: False)" computerName="Chris-MacBook-Air-M2" duration="00:00:00.0002369" startTime="2026-08-28T14:13:53.4335750-05:00" endTime="2026-08-28T14:13:53.4335750-05:00" testType="13cdc9d9-ddb5-4fa4-a97d-d965ccfc6d4b" outcome="Passed" testListId="8c84fa94-04c1-424b-9868-57a2d4851a1d" relativeResultsDirectory="2b7bedb3-710f-4d7e-b5ae-f31c72e15b9f" />
    <UnitTestResult executionId="8467da08-d6cd-4b5c-a30a-be7bd43d1d10" testId="70603b17-a2e8-dc8f-4010-e2bdf46edb71" testName="Translator.Tests.GqrPrologueHoistingCodeGenTests.GuestCallWithoutAWriteMaskReloadsConservatively" computerName="Chris-MacBook-Air-M2" duration="00:00:00.0008159" startTime="2026-08-28T14:13:53.4756140-05:00" endTime="2026-08-28T14:13:53.4756140-05:00" testType="13cdc9d9-ddb5-4fa4-a97d-d965ccfc6d4b" outcome="Passed" testListId="8c84fa94-04c1-424b-9868-57a2d4851a1d" relativeResultsDirectory="8467da08-d6cd-4b5c-a30a-be7bd43d1d10" />
    <UnitTestResult executionId="2d3cb6a7-9df3-454a-bb8e-54dc462c3b09" testId="723ae799-3fcd-ce00-2504-87df48ac2e49" testName="Translator.Tests.PairedSingleLifterTests.LiftsAdditionalRawOpc4ArithmeticVariants(mnemonic: &quot;opc_4_60&quot;, kind: &quot;call&quot;, opOrTarget: &quot;PPC_PsNmsub&quot;)" computerName="Chris-MacBook-Air-M2" duration="00:00:00.0000117" startTime="2026-08-28T14:13:53.6943520-05:00" endTime="2026-08-28T14:13:53.6943520-05:00" testType="13cdc9d9-ddb5-4fa4-a97d-d965ccfc6d4b" outcome="Passed" testListId="8c84fa94-04c1-424b-9868-57a2d4851a1d" relativeResultsDirectory="2d3cb6a7-9df3-454a-bb8e-54dc462c3b09" />
    <UnitTestResult executionId="2ac4640a-74a7-484a-8c67-a0ccf5969fe8" testId="2a85a4f0-2a73-2f18-049b-33e5b4fbeac0" testName="Translator.Tests.RuntimeNativeGuestEffectAnalyzerTests.EscapedContextAndSchedulerCallsRemainExplicitFullBoundaries" computerName="Chris-MacBook-Air-M2" duration="00:00:00.0062617" startTime="2026-08-28T14:13:53.4248480-05:00" endTime="2026-08-28T14:13:53.4248480-05:00" testType="13cdc9d9-ddb5-4fa4-a97d-d965ccfc6d4b" outcome="Passed" testListId="8c84fa94-04c1-424b-9868-57a2d4851a1d" relativeResultsDirectory="2ac4640a-74a7-484a-8c67-a0ccf5969fe8" />
    <UnitTestResult executionId="0b40f131-f5c4-455f-b765-4530b6d9c3b9" testId="0c48520f-5c1f-d76a-08be-bfd685775881" testName="Translator.Tests.FlagElisionCodeGenTests.CompareFeedingItsOnlyBranchBecomesADirectComparison(condition: &quot;bgt&quot;, isUnsigned: False, expected: &quot;(static_cast&lt;int32_t&gt;(r3) &gt; static_cast&lt;int32_t&gt;(0&quot;...)" computerName="Chris-MacBook-Air-M2" duration="00:00:00.0007090" startTime="2026-08-28T14:13:53.4129580-05:00" endTime="2026-08-28T14:13:53.4129580-05:00" testType="13cdc9d9-ddb5-4fa4-a97d-d965ccfc6d4b" outcome="Passed" testListId="8c84fa94-04c1-424b-9868-57a2d4851a1d" relativeResultsDirectory="0b40f131-f5c4-455f-b765-4530b6d9c3b9" />
    <UnitTestResult executionId="0bf77147-d0f2-48b0-8c86-77f9850d4502" testId="792574cd-7b8c-aaba-8cfa-0a59eadb083d" testName="Translator.Tests.RiivolutionProfileConfigTests.ParsesRiivolutionSectionAndNormalizesPackRelativeXmlPath" computerName="Chris-MacBook-Air-M2" duration="00:00:00.0026232" startTime="2026-08-28T14:13:53.3801720-05:00" endTime="2026-08-28T14:13:53.3801720-05:00" testType="13cdc9d9-ddb5-4fa4-a97d-d965ccfc6d4b" outcome="Passed" testListId="8c84fa94-04c1-424b-9868-57a2d4851a1d" relativeResultsDirectory="0bf77147-d0f2-48b0-8c86-77f9850d4502" />
    <UnitTestResult executionId="ff9bdf0f-1423-4e9d-952d-5504482ffad1" testId="e49df04f-a374-52e3-9d96-b1c0da2dde14" testName="Translator.Tests.EmittedOutputShapeTests.FloatFlatHelpersPreserveTheWidthMapping" computerName="Chris-MacBook-Air-M2" duration="00:00:00.0013801" startTime="2026-08-28T14:13:53.4033280-05:00" endTime="2026-08-28T14:13:53.4033280-05:00" testType="13cdc9d9-ddb5-4fa4-a97d-d965ccfc6d4b" outcome="Passed" testListId="8c84fa94-04c1-424b-9868-57a2d4851a1d" relativeResultsDirectory="ff9bdf0f-1423-4e9d-952d-5504482ffad1" />
    <UnitTestResult executionId="f2925f27-48b8-4c91-a2f0-1d57707797c2" testId="784589b1-cacb-c6fa-1e07-f05e7b7f3da9" testName="Translator.Tests.PairedSingleLifterTests.LiftsAdditionalRawOpc4ArithmeticVariants(mnemonic: &quot;opc_4_62&quot;, kind: &quot;call&quot;, opOrTarget: &quot;PPC_PsNmadd&quot;)" computerName="Chris-MacBook-Air-M2" duration="00:00:00.0000116" startTime="2026-08-28T14:13:53.6939950-05:00" endTime="2026-08-28T14:13:53.6939950-05:00" testType="13cdc9d9-ddb5-4fa4-a97d-d965ccfc6d4b" outcome="Passed" testListId="8c84fa94-04c1-424b-9868-57a2d4851a1d" relativeResultsDirectory="f2925f27-48b8-4c91-a2f0-1d57707797c2" />
    <UnitTestResult executionId="030f4daa-c44e-4dff-a10a-1cdc3779e9b7" testId="906ef87d-1b1b-d070-4422-d37e7f607f57" testName="Translator.Tests.PairedSingleLifterTests.LiftsAdditionalRawOpc4ArithmeticVariants(mnemonic: &quot;opc_4_56&quot;, kind: &quot;call&quot;, opOrTarget: &quot;PPC_PsMsub&quot;)" computerName="Chris-MacBook-Air-M2" duration="00:00:00.0000121" startTime="2026-08-28T14:13:53.6942620-05:00" endTime="2026-08-28T14:13:53.6942620-05:00" testType="13cdc9d9-ddb5-4fa4-a97d-d965ccfc6d4b" outcome="Passed" testListId="8c84fa94-04c1-424b-9868-57a2d4851a1d" relativeResultsDirectory="030f4daa-c44e-4dff-a10a-1cdc3779e9b7" />
    <UnitTestResult executionId="bc999901-bf77-49d7-8394-fa2154449469" testId="dc7ef500-2407-85db-0c67-4f9c22650b1a" testName="Translator.Tests.JumpTableDetectorTests.RecognizesPcRelativeTablePointerWithRelativeEntries" computerName="Chris-MacBook-Air-M2" duration="00:00:00.0041618" startTime="2026-08-28T14:13:53.4743120-05:00" endTime="2026-08-28T14:13:53.4743120-05:00" testType="13cdc9d9-ddb5-4fa4-a97d-d965ccfc6d4b" outcome="Passed" testListId="8c84fa94-04c1-424b-9868-57a2d4851a1d" relativeResultsDirectory="bc999901-bf77-49d7-8394-fa2154449469" />
    <UnitTestResult executionId="010d14f1-2296-4aef-bb69-d6c6f901a2e7" testId="05b704cb-68b0-0c96-70dc-699b51c91249" testName="Translator.Tests.RuntimeNativeIndexTests.BuildCapturesEveryRuntimeRegistrationKind" computerName="Chris-MacBook-Air-M2" duration="00:00:00.0237262" startTime="2026-08-28T14:13:53.7560810-05:00" endTime="2026-08-28T14:13:53.7560810-05:00" testType="13cdc9d9-ddb5-4fa4-a97d-d965ccfc6d4b" outcome="Passed" testListId="8c84fa94-04c1-424b-9868-57a2d4851a1d" relativeResultsDirectory="010d14f1-2296-4aef-bb69-d6c6f901a2e7" />
    <UnitTestResult executionId="7d8a70c7-45fb-4def-b2b1-5e5f1bebb124" testId="ea65ccdb-5117-b43b-c10b-2eb05cdfad65" testName="Translator.Tests.GpuFifoBurstCodeGenTests.CallSplitsTheRun" computerName="Chris-MacBook-Air-M2" duration="00:00:00.0096998" startTime="2026-08-28T14:13:53.7268230-05:00" endTime="2026-08-28T14:13:53.7268230-05:00" testType="13cdc9d9-ddb5-4fa4-a97d-d965ccfc6d4b" outcome="Passed" testListId="8c84fa94-04c1-424b-9868-57a2d4851a1d" relativeResultsDirectory="7d8a70c7-45fb-4def-b2b1-5e5f1bebb124" />
    <UnitTestResult executionId="c5287c59-309e-4511-8d78-1f4268c21f36" testId="a784d6b8-9284-a403-72ca-0124ea5b0399" testName="Translator.Tests.FloatingLifterTests.LiftsAdditionalOpc59Branches(xo: 31, target: &quot;PPC_Fnmadds&quot;, expectedFirstArgument: &quot;f1&quot;)" computerName="Chris-MacBook-Air-M2" duration="00:00:00.0000062" startTime="2026-08-28T14:13:53.4160250-05:00" endTime="2026-08-28T14:13:53.4160250-05:00" testType="13cdc9d9-ddb5-4fa4-a97d-d965ccfc6d4b" outcome="Passed" testListId="8c84fa94-04c1-424b-9868-57a2d4851a1d" relativeResultsDirectory="c5287c59-309e-4511-8d78-1f4268c21f36" />
    <UnitTestResult executionId="06ffb1de-be64-4225-a029-2a6cb6661578" testId="f0c2e98a-9ead-cda2-8f43-91bf59c8a957" testName="Translator.Tests.FunctionMapTests.LooksUpBothWaysAndTreatsRepeatedAddressPlaceholdersAsUnnamed" computerName="Chris-MacBook-Air-M2" duration="00:00:00.0001252" startTime="2026-08-28T14:13:53.3525150-05:00" endTime="2026-08-28T14:13:53.3525150-05:00" testType="13cdc9d9-ddb5-4fa4-a97d-d965ccfc6d4b" outcome="Passed" testListId="8c84fa94-04c1-424b-9868-57a2d4851a1d" relativeResultsDirectory="06ffb1de-be64-4225-a029-2a6cb6661578" />
    <UnitTestResult executionId="2882aa6a-5091-4f9c-b39a-8553b674a2c8" testId="d1ce9e02-9693-b117-0897-f19ee47ab552" testName="Translator.Tests.GuestAbiInterproceduralAnalyzerTests.DeepCallGraphDoesNotConsumeTheNativeStack" computerName="Chris-MacBook-Air-M2" duration="00:00:00.4531059" startTime="2026-08-28T14:13:53.9617470-05:00" endTime="2026-08-28T14:13:53.9617470-05:00" testType="13cdc9d9-ddb5-4fa4-a97d-d965ccfc6d4b" outcome="Passed" testListId="8c84fa94-04c1-424b-9868-57a2d4851a1d" relativeResultsDirectory="2882aa6a-5091-4f9c-b39a-8553b674a2c8" />
    <UnitTestResult executionId="a3c89ccc-dbb8-48d9-94eb-837754b4167f" testId="09490334-b3a6-451c-19d8-472a19e30e9a" testName="Translator.Tests.ScalarPairedBoundaryCodeGenTests.NormalizesPairedOperandsForEveryScalarFloatOperator(operation: &quot;fneg&quot;, consumesRightOperand: False)" computerName="Chris-MacBook-Air-M2" duration="00:00:00.0002246" startTime="2026-08-28T14:13:53.4348800-05:00" endTime="2026-08-28T14:13:53.4348800-05:00" testType="13cdc9d9-ddb5-4fa4-a97d-d965ccfc6d4b" outcome="Passed" testListId="8c84fa94-04c1-424b-9868-57a2d4851a1d" relativeResultsDirectory="a3c89ccc-dbb8-48d9-94eb-837754b4167f" />
    <UnitTestResult executionId="331eea79-d1e7-4560-bbb9-982c7a1f168f" testId="1c6d1d97-849f-e98f-e4ac-fde8dfb08cd0" testName="Translator.Tests.RegisterResidencyCodeGenTests.BoundaryNarrowingSyncsOnlyTheContractIntersectionAtADirectCall" computerName="Chris-MacBook-Air-M2" duration="00:00:00.0022667" startTime="2026-08-28T14:13:53.6798700-05:00" endTime="2026-08-28T14:13:53.6798700-05:00" testType="13cdc9d9-ddb5-4fa4-a97d-d965ccfc6d4b" outcome="Passed" testListId="8c84fa94-04c1-424b-9868-57a2d4851a1d" relativeResultsDirectory="331eea79-d1e7-4560-bbb9-982c7a1f168f" />
    <UnitTestResult executionId="4485b4c3-bf3f-40da-a26a-4d4b22078689" testId="e2be2e27-3c4f-f748-9862-48ffdf100329" testName="Translator.Tests.ScalarPairedBoundaryCodeGenTests.NormalizesPairedOperandsForEveryScalarFloatOperator(operation: &quot;frsp&quot;, consumesRightOperand: False)" computerName="Chris-MacBook-Air-M2" duration="00:00:00.0002352" startTime="2026-08-28T14:13:53.4349500-05:00" endTime="2026-08-28T14:13:53.4349500-05:00" testType="13cdc9d9-ddb5-4fa4-a97d-d965ccfc6d4b" outcome="Passed" testListId="8c84fa94-04c1-424b-9868-57a2d4851a1d" relativeResultsDirectory="4485b4c3-bf3f-40da-a26a-4d4b22078689" />
    <UnitTestResult executionId="338a1a2d-12f2-409d-b5bf-2cc373586c00" testId="30c1b20c-9f17-319e-4a89-8674ad6f8790" testName="Translator.Tests.TranslatedBuildShardEmitterTests.RemainingWeightPartitionDoesNotCreateOversizedTailBin" computerName="Chris-MacBook-Air-M2" duration="00:00:00.0023540" startTime="2026-08-28T14:13:53.9553010-05:00" endTime="2026-08-28T14:13:53.9553020-05:00" testType="13cdc9d9-ddb5-4fa4-a97d-d965ccfc6d4b" outcome="Passed" testListId="8c84fa94-04c1-424b-9868-57a2d4851a1d" relativeResultsDirectory="338a1a2d-12f2-409d-b5bf-2cc373586c00" />
    <UnitTestResult executionId="04ba985a-7985-4c19-aabb-2bd95d31b972" testId="e5d948b7-7cec-0603-a773-aeb2d378f153" testName="Translator.Tests.GuestAbiContractAnalyzerTests.TracksPreciseHiddenStringAndCrHelperEffects" computerName="Chris-MacBook-Air-M2" duration="00:00:00.0032050" startTime="2026-08-28T14:13:53.6799090-05:00" endTime="2026-08-28T14:13:53.6799090-05:00" testType="13cdc9d9-ddb5-4fa4-a97d-d965ccfc6d4b" outcome="Passed" testListId="8c84fa94-04c1-424b-9868-57a2d4851a1d" relativeResultsDirectory="04ba985a-7985-4c19-aabb-2bd95d31b972" />
    <UnitTestResult executionId="b037f2fa-36ba-4e13-81e6-16a585e423ed" testId="4c68cc85-479d-e6a4-86b3-85a98993b870" testName="Translator.Tests.GuestMemoryRangeLoweringTests.ArchitecturalRegisterRedefinitionOnOnePathPreventsReuseAtJoin" computerName="Chris-MacBook-Air-M2" duration="00:00:00.0004450" startTime="2026-08-28T14:13:53.6920630-05:00" endTime="2026-08-28T14:13:53.6920630-05:00" testType="13cdc9d9-ddb5-4fa4-a97d-d965ccfc6d4b" outcome="Passed" testListId="8c84fa94-04c1-424b-9868-57a2d4851a1d" relativeResultsDirectory="b037f2fa-36ba-4e13-81e6-16a585e423ed" />
    <UnitTestResult executionId="24268f0e-c6d6-47d9-854f-3b7fc9815883" testId="4a4a20b4-1758-5986-5232-4448a436eca8" testName="Translator.Tests.InlineArithmeticTableCodeGenTests.PairedArithmeticTargetsUseExpectedInlineHelper(target: &quot;PPC_PsSum1&quot;, expected: &quot;PPC_PsSum1Inline&quot;)" computerName="Chris-MacBook-Air-M2" duration="00:00:00.0001639" startTime="2026-08-28T14:13:53.6528000-05:00" endTime="2026-08-28T14:13:53.6528000-05:00" testType="13cdc9d9-ddb5-4fa4-a97d-d965ccfc6d4b" outcome="Passed" testListId="8c84fa94-04c1-424b-9868-57a2d4851a1d" relativeResultsDirectory="24268f0e-c6d6-47d9-854f-3b7fc9815883" />
    <UnitTestResult executionId="ccc89f61-2cc3-4603-b6ef-e49eab8f091b" testId="5ce68218-96fe-0e3b-1dd6-7e2cbd468d7b" testName="Translator.Tests.BaseTranslationModAwarenessTests.RefusesAPulThatMovesAPatchOntoADifferentTranslatedFunction" computerName="Chris-MacBook-Air-M2" duration="00:00:00.0005955" startTime="2026-08-28T14:13:53.3376680-05:00" endTime="2026-08-28T14:13:53.3376680-05:00" testType="13cdc9d9-ddb5-4fa4-a97d-d965ccfc6d4b" outcome="Passed" testListId="8c84fa94-04c1-424b-9868-57a2d4851a1d" relativeResultsDirectory="ccc89f61-2cc3-4603-b6ef-e49eab8f091b" />
    <UnitTestResult executionId="d2771b67-8360-4d83-a6b7-3c5f9fd3411b" testId="f8fe0ba6-67ef-bd29-c757-51da36f6e0e6" testName="Translator.Tests.GuestMemoryRangeLoweringTests.TracksAffineBaseUpdateThroughTemporaryReassignment" computerName="Chris-MacBook-Air-M2" duration="00:00:00.0006772" startTime="2026-08-28T14:13:53.7272200-05:00" endTime="2026-08-28T14:13:53.7272200-05:00" testType="13cdc9d9-ddb5-4fa4-a97d-d965ccfc6d4b" outcome="Passed" testListId="8c84fa94-04c1-424b-9868-57a2d4851a1d" relativeResultsDirectory="d2771b67-8360-4d83-a6b7-3c5f9fd3411b" />
    <UnitTestResult executionId="f4bf267c-4b67-483b-ad24-3b1d98723f5b" testId="2c8ad490-7b62-6597-c3f5-8a9d30f8add0" testName="Translator.Tests.GeneratedMarkersTests.BaseRegistrationMarkerRoundTripsThroughItsPattern" computerName="Chris-MacBook-Air-M2" duration="00:00:00.0095423" startTime="2026-08-28T14:13:53.3369190-05:00" endTime="2026-08-28T14:13:53.3369190-05:00" testType="13cdc9d9-ddb5-4fa4-a97d-d965ccfc6d4b" outcome="Passed" testListId="8c84fa94-04c1-424b-9868-57a2d4851a1d" relativeResultsDirectory="f4bf267c-4b67-483b-ad24-3b1d98723f5b" />
    <UnitTestResult executionId="5c68a323-1cf9-408e-9078-673062bb7a30" testId="9556f1da-4ee9-11ce-f5d3-fb260a1d9ae7" testName="Translator.Tests.DifferentialDisassemblyTests.DecoderMnemonicMatchesDolphinOracle(opcode: 2080965542, address: 2147483648, expectedMnemonic: &quot;mtctr&quot;)" computerName="Chris-MacBook-Air-M2" duration="00:00:00.1931321" startTime="2026-08-28T14:13:54.8138090-05:00" endTime="2026-08-28T14:13:54.8138090-05:00" testType="13cdc9d9-ddb5-4fa4-a97d-d965ccfc6d4b" outcome="Passed" testListId="8c84fa94-04c1-424b-9868-57a2d4851a1d" relativeResultsDirectory="5c68a323-1cf9-408e-9078-673062bb7a30" />
    <UnitTestResult executionId="5827411b-1c18-44c2-b455-f10a3c576661" testId="ddf859e2-31fa-6370-3b08-448b863fe398" testName="Translator.Tests.ModDataPatchWriterTests.WritePrunesOptionalDigestWhenItDisappears" computerName="Chris-MacBook-Air-M2" duration="00:00:00.0034057" startTime="2026-08-28T14:13:53.3689360-05:00" endTime="2026-08-28T14:13:53.3689360-05:00" testType="13cdc9d9-ddb5-4fa4-a97d-d965ccfc6d4b" outcome="Passed" testListId="8c84fa94-04c1-424b-9868-57a2d4851a1d" relativeResultsDirectory="5827411b-1c18-44c2-b455-f10a3c576661" />
    <UnitTestResult executionId="a023fc9a-65f8-44de-96ce-8287c5498a60" testId="79ce3339-b436-f45d-7e08-a8528aaea362" testName="Translator.Tests.PpcDecoderAdditionalTests.DecodesImmediateBranchAndRotatePrimaries" computerName="Chris-MacBook-Air-M2" duration="00:00:00.0012224" startTime="2026-08-28T14:13:53.3900050-05:00" endTime="2026-08-28T14:13:53.3900060-05:00" testType="13cdc9d9-ddb5-4fa4-a97d-d965ccfc6d4b" outcome="Passed" testListId="8c84fa94-04c1-424b-9868-57a2d4851a1d" relativeResultsDirectory="a023fc9a-65f8-44de-96ce-8287c5498a60" />
    <UnitTestResult executionId="fd475851-1302-4932-8411-e856ed812169" testId="7bd688b1-8f06-c691-e846-5f9a4fbeb69a" testName="Translator.Tests.PpcLifterAdditionalCoverageTests.LiftsAdditionalMemoryAndControlFormsAndRejectsInvalidUpdateBases" computerName="Chris-MacBook-Air-M2" duration="00:00:00.0010916" startTime="2026-08-28T14:13:53.3929920-05:00" endTime="2026-08-28T14:13:53.3929920-05:00" testType="13cdc9d9-ddb5-4fa4-a97d-d965ccfc6d4b" outcome="Passed" testListId="8c84fa94-04c1-424b-9868-57a2d4851a1d" relativeResultsDirectory="fd475851-1302-4932-8411-e856ed812169" />
    <UnitTestResult executionId="3c07304d-67b3-4fc8-83b0-713f0972c92d" testId="00dd4afd-5d9c-ac02-2430-662454979802" testName="Translator.Tests.SdaAndGeneratorTests.DataSectionGeneratorEmbedsDolAndRelSections" computerName="Chris-MacBook-Air-M2" duration="00:00:00.0015088" startTime="2026-08-28T14:13:53.7492470-05:00" endTime="2026-08-28T14:13:53.7492470-05:00" testType="13cdc9d9-ddb5-4fa4-a97d-d965ccfc6d4b" outcome="Passed" testListId="8c84fa94-04c1-424b-9868-57a2d4851a1d" relativeResultsDirectory="3c07304d-67b3-4fc8-83b0-713f0972c92d" />
    <UnitTestResult executionId="b1266523-0a93-496e-ba5b-7e3543949a87" testId="7d9a8eb3-a994-6aba-c1f8-f2b1450ee69d" testName="Translator.Tests.InlineArithmeticTableCodeGenTests.ScalarArithmeticTargetsUseExpectedInlineHelper(target: &quot;PPC_FaddsNoNi&quot;, expected: &quot;static_cast&lt;float&gt;&quot;)" computerName="Chris-MacBook-Air-M2" duration="00:00:00.0001619" startTime="2026-08-28T14:13:53.6500550-05:00" endTime="2026-08-28T14:13:53.6500550-05:00" testType="13cdc9d9-ddb5-4fa4-a97d-d965ccfc6d4b" outcome="Passed" testListId="8c84fa94-04c1-424b-9868-57a2d4851a1d" relativeResultsDirectory="b1266523-0a93-496e-ba5b-7e3543949a87" />
    <UnitTestResult executionId="b80fe4bb-1526-45e4-9cb4-7b4adb5e73e2" testId="43f76afc-cbe4-7b88-297a-704ba99b59f2" testName="Translator.Tests.ModFunctionDiscoveryTests.DiscoversSynthesizedLeafFunctionPointers" computerName="Chris-MacBook-Air-M2" duration="00:00:00.0017499" startTime="2026-08-28T14:13:53.8251270-05:00" endTime="2026-08-28T14:13:53.8251270-05:00" testType="13cdc9d9-ddb5-4fa4-a97d-d965ccfc6d4b" outcome="Passed" testListId="8c84fa94-04c1-424b-9868-57a2d4851a1d" relativeResultsDirectory="b80fe4bb-1526-45e4-9cb4-7b4adb5e73e2" />
    <UnitTestResult executionId="8ec880de-480e-4be5-9db0-2bcc11824f35" testId="4443af66-8395-d5ec-8f13-61daae10b5e4" testName="Translator.Tests.ResidentAbiCodeGenTests.NonLeafStateFreeVariantCallsNativeCalleeWithoutContextFallback" computerName="Chris-MacBook-Air-M2" duration="00:00:00.1916276" startTime="2026-08-28T14:13:53.6488960-05:00" endTime="2026-08-28T14:13:53.6488960-05:00" testType="13cdc9d9-ddb5-4fa4-a97d-d965ccfc6d4b" outcome="Passed" testListId="8c84fa94-04c1-424b-9868-57a2d4851a1d" relativeResultsDirectory="8ec880de-480e-4be5-9db0-2bcc11824f35" />
    <UnitTestResult executionId="1f9e4344-dca6-440e-83ff-8384399f9abb" testId="bb0ddfbd-bdde-2732-d63a-c6f907f0b8b3" testName="Translator.Tests.ModFunctionDiscoveryTests.DiscoversSynthesizedCallbackPassedAsCallArgument" computerName="Chris-MacBook-Air-M2" duration="00:00:00.0178132" startTime="2026-08-28T14:13:53.8540570-05:00" endTime="2026-08-28T14:13:53.8540570-05:00" testType="13cdc9d9-ddb5-4fa4-a97d-d965ccfc6d4b" outcome="Passed" testListId="8c84fa94-04c1-424b-9868-57a2d4851a1d" relativeResultsDirectory="1f9e4344-dca6-440e-83ff-8384399f9abb" />
    <UnitTestResult executionId="be03246c-32ce-4813-b9b7-4f18305b74bd" testId="328fb3cf-a664-6d7d-0b83-43de84dc6f26" testName="Translator.Tests.PairedSingleLifterTests.LiftsAdditionalRawOpc4ArithmeticVariants(mnemonic: &quot;opc_4_20&quot;, kind: &quot;call&quot;, opOrTarget: &quot;PPC_PsSum0&quot;)" computerName="Chris-MacBook-Air-M2" duration="00:00:00.0000116" startTime="2026-08-28T14:13:53.6942900-05:00" endTime="2026-08-28T14:13:53.6942900-05:00" testType="13cdc9d9-ddb5-4fa4-a97d-d965ccfc6d4b" outcome="Passed" testListId="8c84fa94-04c1-424b-9868-57a2d4851a1d" relativeResultsDirectory="be03246c-32ce-4813-b9b7-4f18305b74bd" />
    <UnitTestResult executionId="48195afd-90c2-4bde-ad96-808199db0d16" testId="61a89245-6e2a-35b1-aae9-23bdd99d63e6" testName="Translator.Tests.PpcLifterCoverageTests.LiftsMiscUnaryStatusAndLogicalForms" computerName="Chris-MacBook-Air-M2" duration="00:00:00.0005463" startTime="2026-08-28T14:13:53.5044890-05:00" endTime="2026-08-28T14:13:53.5044890-05:00" testType="13cdc9d9-ddb5-4fa4-a97d-d965ccfc6d4b" outcome="Passed" testListId="8c84fa94-04c1-424b-9868-57a2d4851a1d" relativeResultsDirectory="48195afd-90c2-4bde-ad96-808199db0d16" />
    <UnitTestResult executionId="d4965396-e484-4b2d-8fdd-0fd171269beb" testId="cd0f8a2e-279d-6ab6-6753-77c410042bcc" testName="Translator.Tests.GuestMemoryRangeLoweringTests.RemapAndSchedulerCallsAlwaysSplitMemoryEpochs(target: &quot;Memory_RemapGuestPages&quot;)" computerName="Chris-MacBook-Air-M2" duration="00:00:00.0001899" startTime="2026-08-28T14:13:53.6668080-05:00" endTime="2026-08-28T14:13:53.6668080-05:00" testType="13cdc9d9-ddb5-4fa4-a97d-d965ccfc6d4b" outcome="Passed" testListId="8c84fa94-04c1-424b-9868-57a2d4851a1d" relativeResultsDirectory="d4965396-e484-4b2d-8fdd-0fd171269beb" />
    <UnitTestResult executionId="f559d11c-5447-43fe-9d63-ab0ec7f530a2" testId="54fc9534-8460-e90c-eb1b-1a76d25d808f" testName="Translator.Tests.GuestThunkCodeGenTests.GprSaveAndRestoreUseTheSameInlineRangeShape" computerName="Chris-MacBook-Air-M2" duration="00:00:00.0004320" startTime="2026-08-28T14:13:53.7082730-05:00" endTime="2026-08-28T14:13:53.7082730-05:00" testType="13cdc9d9-ddb5-4fa4-a97d-d965ccfc6d4b" outcome="Passed" testListId="8c84fa94-04c1-424b-9868-57a2d4851a1d" relativeResultsDirectory="f559d11c-5447-43fe-9d63-ab0ec7f530a2" />
    <UnitTestResult executionId="8d2e13a0-3a02-416c-a35a-13096847fb7d" testId="8a0e69fd-6c20-154f-9983-af60fab0fcb7" testName="Translator.Tests.FloatingLifterTests.LiftsAdditionalFpFallbackBranches(xo: 12, kind: &quot;binary&quot;, opOrTarget: &quot;frsp&quot;)" computerName="Chris-MacBook-Air-M2" duration="00:00:00.0000443" startTime="2026-08-28T14:13:53.4146750-05:00" endTime="2026-08-28T14:13:53.4146750-05:00" testType="13cdc9d9-ddb5-4fa4-a97d-d965ccfc6d4b" outcome="Passed" testListId="8c84fa94-04c1-424b-9868-57a2d4851a1d" relativeResultsDirectory="8d2e13a0-3a02-416c-a35a-13096847fb7d" />
    <UnitTestResult executionId="51c2e063-ba17-4bfb-a16b-e0658e702aef" testId="677e8aef-eb05-cd36-edda-ea9ea622700a" testName="Translator.Tests.FlagElisionCodeGenTests.LinkRegisterStoreIsKeptForACalleeThatEscapesAnalysis(flags: InvokesGuestCode)" computerName="Chris-MacBook-Air-M2" duration="00:00:00.0008417" startTime="2026-08-28T14:13:53.4074800-05:00" endTime="2026-08-28T14:13:53.4074800-05:00" testType="13cdc9d9-ddb5-4fa4-a97d-d965ccfc6d4b" outcome="Passed" testListId="8c84fa94-04c1-424b-9868-57a2d4851a1d" relativeResultsDirectory="51c2e063-ba17-4bfb-a16b-e0658e702aef" />
    <UnitTestResult executionId="fafd4b35-f691-4154-96e3-d68fdc81e56b" testId="5fc2f611-656a-1201-eb95-ed2e0b204d8e" testName="Translator.Tests.ScalarPairedBoundaryCodeGenTests.NormalizesEveryPairedScalarHelperOperand(target: &quot;PPC_Fmadd&quot;, argumentCount: 3)" computerName="Chris-MacBook-Air-M2" duration="00:00:00.0002087" startTime="2026-08-28T14:13:53.4052740-05:00" endTime="2026-08-28T14:13:53.4052740-05:00" testType="13cdc9d9-ddb5-4fa4-a97d-d965ccfc6d4b" outcome="Passed" testListId="8c84fa94-04c1-424b-9868-57a2d4851a1d" relativeResultsDirectory="fafd4b35-f691-4154-96e3-d68fdc81e56b" />
    <UnitTestResult executionId="17a928e0-720f-4923-a359-dafac58c929c" testId="634c0705-f383-51d4-a3c4-17662af9bd63" testName="Translator.Tests.PairedSingleLifterTests.LiftsMergeAndScalarEstimateHelpers" computerName="Chris-MacBook-Air-M2" duration="00:00:00.0010344" startTime="2026-08-28T14:13:53.6946120-05:00" endTime="2026-08-28T14:13:53.6946120-05:00" testType="13cdc9d9-ddb5-4fa4-a97d-d965ccfc6d4b" outcome="Passed" testListId="8c84fa94-04c1-424b-9868-57a2d4851a1d" relativeResultsDirectory="17a928e0-720f-4923-a359-dafac58c929c" />
    <UnitTestResult executionId="bce77769-ea1d-46f6-9d3e-333007be694c" testId="5e39486b-72e3-9c5c-c465-83f3f071e218" testName="Translator.Tests.GuestStateLivenessAnalyzerTests.ImplicitSequentialBlockFallthroughPropagatesLaterInputsToEntry" computerName="Chris-MacBook-Air-M2" duration="00:00:00.0012294" startTime="2026-08-28T14:13:53.3322150-05:00" endTime="2026-08-28T14:13:53.3322150-05:00" testType="13cdc9d9-ddb5-4fa4-a97d-d965ccfc6d4b" outcome="Passed" testListId="8c84fa94-04c1-424b-9868-57a2d4851a1d" relativeResultsDirectory="bce77769-ea1d-46f6-9d3e-333007be694c" />
    <UnitTestResult executionId="00be6aa6-c546-4021-86ff-35be1ab763b5" testId="72223fff-0b19-6da6-b607-32e5fe299b89" testName="Translator.Tests.EmittedOutputShapeTests.SubWordStoresCastToTheExactMemoryParameterType" computerName="Chris-MacBook-Air-M2" duration="00:00:00.0003249" startTime="2026-08-28T14:13:53.4075330-05:00" endTime="2026-08-28T14:13:53.4075330-05:00" testType="13cdc9d9-ddb5-4fa4-a97d-d965ccfc6d4b" outcome="Passed" testListId="8c84fa94-04c1-424b-9868-57a2d4851a1d" relativeResultsDirectory="00be6aa6-c546-4021-86ff-35be1ab763b5" />
    <UnitTestResult executionId="945a3ce1-d531-4119-ab82-586cc9db6715" testId="a681c8c5-33ab-f9bf-8abb-9328c335d065" testName="Translator.Tests.GqrPrologueHoistingCodeGenTests.ThreeGuardedSitesAreEnoughToVersionTheFunction" computerName="Chris-MacBook-Air-M2" duration="00:00:00.0017140" startTime="2026-08-28T14:13:53.4803010-05:00" endTime="2026-08-28T14:13:53.4803010-05:00" testType="13cdc9d9-ddb5-4fa4-a97d-d965ccfc6d4b" outcome="Passed" testListId="8c84fa94-04c1-424b-9868-57a2d4851a1d" relativeResultsDirectory="945a3ce1-d531-4119-ab82-586cc9db6715" />
    <UnitTestResult executionId="6af4f739-77af-463d-b7b5-aa702821b9cb" testId="c4dd8c0f-1308-55c8-cc0e-6fa883d433f4" testName="Translator.Tests.PpcWordAnalysisTests.ImmediateAndRegisterPatternsPreserveArchitecturalFieldOrder" computerName="Chris-MacBook-Air-M2" duration="00:00:00.0045741" startTime="2026-08-28T14:13:53.7781160-05:00" endTime="2026-08-28T14:13:53.7781160-05:00" testType="13cdc9d9-ddb5-4fa4-a97d-d965ccfc6d4b" outcome="Passed" testListId="8c84fa94-04c1-424b-9868-57a2d4851a1d" relativeResultsDirectory="6af4f739-77af-463d-b7b5-aa702821b9cb" />
    <UnitTestResult executionId="d52fcff5-1e08-4280-b23f-e722fdb8108e" testId="5f5a0374-05e6-47d3-c8d4-b8df21f2020e" testName="Translator.Tests.GuestMemoryRangeLoweringTests.CombinesDescendingAdjacentLoadsAndPreservesDirection" computerName="Chris-MacBook-Air-M2" duration="00:00:00.0003225" startTime="2026-08-28T14:13:53.7271030-05:00" endTime="2026-08-28T14:13:53.7271030-05:00" testType="13cdc9d9-ddb5-4fa4-a97d-d965ccfc6d4b" outcome="Passed" testListId="8c84fa94-04c1-424b-9868-57a2d4851a1d" relativeResultsDirectory="d52fcff5-1e08-4280-b23f-e722fdb8108e" />
    <UnitTestResult executionId="966440b8-814f-4eff-a388-90bdbf92858d" testId="330fb203-cf90-57e3-7f3b-4501e5a96fdb" testName="Translator.Tests.InlineArithmeticTableCodeGenTests.ScalarArithmeticTargetsUseExpectedInlineHelper(target: &quot;PPC_Fnmsub&quot;, expected: &quot;PpcFnmsubInline&quot;)" computerName="Chris-MacBook-Air-M2" duration="00:00:00.0001436" startTime="2026-08-28T14:13:53.6498750-05:00" endTime="2026-08-28T14:13:53.6498750-05:00" testType="13cdc9d9-ddb5-4fa4-a97d-d965ccfc6d4b" outcome="Passed" testListId="8c84fa94-04c1-424b-9868-57a2d4851a1d" relativeResultsDirectory="966440b8-814f-4eff-a388-90bdbf92858d" />
    <UnitTestResult executionId="eb7a47e1-99f6-4d4d-a59a-0be02f514c84" testId="c4d7a54c-693b-df3b-90ee-a85d78163e48" testName="Translator.Tests.PairedSingleLifterTests.LiftsExplicitUnaryMoveAndCompareVariants" computerName="Chris-MacBook-Air-M2" duration="00:00:00.0020660" startTime="2026-08-28T14:13:53.7003480-05:00" endTime="2026-08-28T14:13:53.7003480-05:00" testType="13cdc9d9-ddb5-4fa4-a97d-d965ccfc6d4b" outcome="Passed" testListId="8c84fa94-04c1-424b-9868-57a2d4851a1d" relativeResultsDirectory="eb7a47e1-99f6-4d4d-a59a-0be02f514c84" />
    <UnitTestResult executionId="afdf354e-92b7-4be5-b99a-09905782173d" testId="36db994e-2f86-af2c-f6fc-4c5b0affb682" testName="Translator.Tests.ContinuationPlannerTests.AddModuleTailJumpContinuationsSupportsSignedAddiLowImmediate" computerName="Chris-MacBook-Air-M2" duration="00:00:00.0003267" startTime="2026-08-28T14:13:53.3835350-05:00" endTime="2026-08-28T14:13:53.3835350-05:00" testType="13cdc9d9-ddb5-4fa4-a97d-d965ccfc6d4b" outcome="Passed" testListId="8c84fa94-04c1-424b-9868-57a2d4851a1d" relativeResultsDirectory="afdf354e-92b7-4be5-b99a-09905782173d" />
    <UnitTestResult executionId="2d35f247-da66-4b8b-af16-9a2e041eb42c" testId="fea84a67-6617-cfa6-fff8-76eb9c7ec007" testName="Translator.Tests.StateFreeResidentMarshallingTests.FastArmPassesResidentLocalsAndWritesResultsBackIntoThem" computerName="Chris-MacBook-Air-M2" duration="00:00:00.0004849" startTime="2026-08-28T14:13:53.4039090-05:00" endTime="2026-08-28T14:13:53.4039090-05:00" testType="13cdc9d9-ddb5-4fa4-a97d-d965ccfc6d4b" outcome="Passed" testListId="8c84fa94-04c1-424b-9868-57a2d4851a1d" relativeResultsDirectory="2d35f247-da66-4b8b-af16-9a2e041eb42c" />
    <UnitTestResult executionId="37f61642-815e-4bbf-a68f-154f78597da5" testId="29487618-f1e7-d58e-4ae0-98e6263d9244" testName="Translator.Tests.FlagElisionCodeGenTests.CompareFeedingItsOnlyBranchBecomesADirectComparison(condition: &quot;bne&quot;, isUnsigned: False, expected: &quot;(static_cast&lt;int32_t&gt;(r3) != static_cast&lt;int32_t&gt;(&quot;...)" computerName="Chris-MacBook-Air-M2" duration="00:00:00.0002367" startTime="2026-08-28T14:13:53.4137450-05:00" endTime="2026-08-28T14:13:53.4137450-05:00" testType="13cdc9d9-ddb5-4fa4-a97d-d965ccfc6d4b" outcome="Passed" testListId="8c84fa94-04c1-424b-9868-57a2d4851a1d" relativeResultsDirectory="37f61642-815e-4bbf-a68f-154f78597da5" />
    <UnitTestResult executionId="bb9cecc6-4f06-4d99-b533-d4323d087e8c" testId="a542fc21-3840-1a7b-81c0-7ab1253e3573" testName="Translator.Tests.ResidentAbiCodeGenTests.DirectStateFreeCallWritesOnlyExplicitResults" computerName="Chris-MacBook-Air-M2" duration="00:00:00.0055914" startTime="2026-08-28T14:13:53.4423660-05:00" endTime="2026-08-28T14:13:53.4423660-05:00" testType="13cdc9d9-ddb5-4fa4-a97d-d965ccfc6d4b" outcome="Passed" testListId="8c84fa94-04c1-424b-9868-57a2d4851a1d" relativeResultsDirectory="bb9cecc6-4f06-4d99-b533-d4323d087e8c" />
    <UnitTestResult executionId="5de578fe-45fd-4e0d-99b0-7d7edbc4a4c9" testId="abd8a151-9510-8789-af02-a7063c5edb97" testName="Translator.Tests.SsaTests.ContextBackedSpecialRegisterPhiAllowsImplicitLiveIn(register: &quot;srr1&quot;)" computerName="Chris-MacBook-Air-M2" duration="00:00:00.0000376" startTime="2026-08-28T14:13:53.6910710-05:00" endTime="2026-08-28T14:13:53.6910710-05:00" testType="13cdc9d9-ddb5-4fa4-a97d-d965ccfc6d4b" outcome="Passed" testListId="8c84fa94-04c1-424b-9868-57a2d4851a1d" relativeResultsDirectory="5de578fe-45fd-4e0d-99b0-7d7edbc4a4c9" />
    <UnitTestResult executionId="0f84db87-b527-41cc-9a50-23fb4569bcab" testId="c7e56f34-8fc0-65d0-37c6-8d63b977b1e8" testName="Translator.Tests.FlagElisionCodeGenTests.FloatCompareFusionKeepsThePowerPcBitSemantics(condition: &quot;beq&quot;, expected: &quot;if ((f1.d == f2.d))&quot;)" computerName="Chris-MacBook-Air-M2" duration="00:00:00.0004189" startTime="2026-08-28T14:13:53.4101380-05:00" endTime="2026-08-28T14:13:53.4101380-05:00" testType="13cdc9d9-ddb5-4fa4-a97d-d965ccfc6d4b" outcome="Passed" testListId="8c84fa94-04c1-424b-9868-57a2d4851a1d" relativeResultsDirectory="0f84db87-b527-41cc-9a50-23fb4569bcab" />
    <UnitTestResult executionId="509f3120-a083-43bb-8f95-b04f61f751a8" testId="66f021bc-3363-60a0-b3f3-9c2508fc9763" testName="Translator.Tests.GuestAbiContractAnalyzerTests.TracksSpecialRegistersEmbeddedInRawBranchConditions" computerName="Chris-MacBook-Air-M2" duration="00:00:00.0001124" startTime="2026-08-28T14:13:53.6817160-05:00" endTime="2026-08-28T14:13:53.6817170-05:00" testType="13cdc9d9-ddb5-4fa4-a97d-d965ccfc6d4b" outcome="Passed" testListId="8c84fa94-04c1-424b-9868-57a2d4851a1d" relativeResultsDirectory="509f3120-a083-43bb-8f95-b04f61f751a8" />
    <UnitTestResult executionId="3696e69a-ed96-4982-9fe3-c8da2e061559" testId="cacefb38-f277-f2b4-e935-3181c97c102c" testName="Translator.Tests.LeafInliningTests.GrowthBudgetStopsInliningOnceTheCallerWouldBalloon" computerName="Chris-MacBook-Air-M2" duration="00:00:00.0027639" startTime="2026-08-28T14:13:53.5006040-05:00" endTime="2026-08-28T14:13:53.5006040-05:00" testType="13cdc9d9-ddb5-4fa4-a97d-d965ccfc6d4b" outcome="Passed" testListId="8c84fa94-04c1-424b-9868-57a2d4851a1d" relativeResultsDirectory="3696e69a-ed96-4982-9fe3-c8da2e061559" />
    <UnitTestResult executionId="cfe02d62-3490-462a-baf0-470d4f4368ad" testId="44c3c6ac-7a69-484f-c316-43bc4bdbbd09" testName="Translator.Tests.GqrPrologueHoistingCodeGenTests.GenericSprWriterTargetingAnUnrelatedSprDoesNotReload" computerName="Chris-MacBook-Air-M2" duration="00:00:00.0038266" startTime="2026-08-28T14:13:53.4294210-05:00" endTime="2026-08-28T14:13:53.4294210-05:00" testType="13cdc9d9-ddb5-4fa4-a97d-d965ccfc6d4b" outcome="Passed" testListId="8c84fa94-04c1-424b-9868-57a2d4851a1d" relativeResultsDirectory="cfe02d62-3490-462a-baf0-470d4f4368ad" />
    <UnitTestResult executionId="bce5782a-339b-413d-96de-b13acfd8e3b6" testId="127f31d8-bf1b-e6d3-87ec-c9073ed8122c" testName="Translator.Tests.LeafInliningTests.CompareInsideTheSpliceIsFusedIntoTheFollowingBranch" computerName="Chris-MacBook-Air-M2" duration="00:00:00.0006413" startTime="2026-08-28T14:13:53.5027710-05:00" endTime="2026-08-28T14:13:53.5027720-05:00" testType="13cdc9d9-ddb5-4fa4-a97d-d965ccfc6d4b" outcome="Passed" testListId="8c84fa94-04c1-424b-9868-57a2d4851a1d" relativeResultsDirectory="bce5782a-339b-413d-96de-b13acfd8e3b6" />
    <UnitTestResult executionId="5fba759d-15d7-4d53-8c8c-649f8e501166" testId="e5268e25-ec54-63e7-5185-1596c9e5cf8a" testName="Translator.Tests.InlineArithmeticTableCodeGenTests.ScalarTablePreservesFmaOperandOrder" computerName="Chris-MacBook-Air-M2" duration="00:00:00.0002759" startTime="2026-08-28T14:13:53.6507340-05:00" endTime="2026-08-28T14:13:53.6507340-05:00" testType="13cdc9d9-ddb5-4fa4-a97d-d965ccfc6d4b" outcome="Passed" testListId="8c84fa94-04c1-424b-9868-57a2d4851a1d" relativeResultsDirectory="5fba759d-15d7-4d53-8c8c-649f8e501166" />
    <UnitTestResult executionId="e782f00c-7b66-4ab2-b3c0-3eba30e82f81" testId="14c3b4c0-4678-7421-92cb-66adaaace4ff" testName="Translator.Tests.KamekPulFileTests.EncodesPpcBranchLikeKamek" computerName="Chris-MacBook-Air-M2" duration="00:00:00.0007878" startTime="2026-08-28T14:13:53.6436090-05:00" endTime="2026-08-28T14:13:53.6436090-05:00" testType="13cdc9d9-ddb5-4fa4-a97d-d965ccfc6d4b" outcome="Passed" testListId="8c84fa94-04c1-424b-9868-57a2d4851a1d" relativeResultsDirectory="e782f00c-7b66-4ab2-b3c0-3eba30e82f81" />
    <UnitTestResult executionId="0d2ce019-cceb-44e5-9938-c057006d402a" testId="f657bc10-8ec8-04ff-3755-1eb26febabfe" testName="Translator.Tests.ModFunctionDiscoveryTests.DiscoversSynthesizedComparatorPassedThroughExternalTailCall" computerName="Chris-MacBook-Air-M2" duration="00:00:00.0020853" startTime="2026-08-28T14:13:53.8621630-05:00" endTime="2026-08-28T14:13:53.8621630-05:00" testType="13cdc9d9-ddb5-4fa4-a97d-d965ccfc6d4b" outcome="Passed" testListId="8c84fa94-04c1-424b-9868-57a2d4851a1d" relativeResultsDirectory="0d2ce019-cceb-44e5-9938-c057006d402a" />
    <UnitTestResult executionId="ae7e3de8-1c70-451f-97ee-ef13efbd3c71" testId="89d476f3-b1b0-ea04-b951-244da5769ca0" testName="Translator.Tests.FlagElisionCodeGenTests.RedundantCrWriteIsEliminated" computerName="Chris-MacBook-Air-M2" duration="00:00:00.0002486" startTime="2026-08-28T14:13:53.4297800-05:00" endTime="2026-08-28T14:13:53.4297800-05:00" testType="13cdc9d9-ddb5-4fa4-a97d-d965ccfc6d4b" outcome="Passed" testListId="8c84fa94-04c1-424b-9868-57a2d4851a1d" relativeResultsDirectory="ae7e3de8-1c70-451f-97ee-ef13efbd3c71" />
    <UnitTestResult executionId="938055e5-db98-4606-9e7e-b3e999a26389" testId="75746c0c-ca34-f472-6441-bf90f93a09c6" testName="Translator.Tests.LeafInliningTests.TheCallersOwnCodeAroundAMultiBlockSpliceStillRuns" computerName="Chris-MacBook-Air-M2" duration="00:00:00.0017674" startTime="2026-08-28T14:13:53.4831100-05:00" endTime="2026-08-28T14:13:53.4831100-05:00" testType="13cdc9d9-ddb5-4fa4-a97d-d965ccfc6d4b" outcome="Passed" testListId="8c84fa94-04c1-424b-9868-57a2d4851a1d" relativeResultsDirectory="938055e5-db98-4606-9e7e-b3e999a26389" />
    <UnitTestResult executionId="4fba17e0-0544-4b0b-863c-0858922a1e93" testId="41ef8d99-43d1-3a4d-5ea0-8837395e908b" testName="Translator.Tests.FloatingLifterTests.RejectsUnknownOpc59Subop" computerName="Chris-MacBook-Air-M2" duration="00:00:00.0001864" startTime="2026-08-28T14:13:53.4162680-05:00" endTime="2026-08-28T14:13:53.4162680-05:00" testType="13cdc9d9-ddb5-4fa4-a97d-d965ccfc6d4b" outcome="Passed" testListId="8c84fa94-04c1-424b-9868-57a2d4851a1d" relativeResultsDirectory="4fba17e0-0544-4b0b-863c-0858922a1e93" />
    <UnitTestResult executionId="742611c6-69ed-480d-8f3a-d0502f2abb9e" testId="abd6757e-75a4-1e39-6380-1afa6b061dbf" testName="Translator.Tests.LeafInliningTests.TailCallToALeafIsSplicedAheadOfTheCallersReturn" computerName="Chris-MacBook-Air-M2" duration="00:00:00.0110355" startTime="2026-08-28T14:13:53.4949280-05:00" endTime="2026-08-28T14:13:53.4949280-05:00" testType="13cdc9d9-ddb5-4fa4-a97d-d965ccfc6d4b" outcome="Passed" testListId="8c84fa94-04c1-424b-9868-57a2d4851a1d" relativeResultsDirectory="742611c6-69ed-480d-8f3a-d0502f2abb9e" />
    <UnitTestResult executionId="2782f509-d074-4c03-ae92-05f2d3d1e634" testId="c3e36e1f-e785-2d61-9cd0-1e8c5b430971" testName="Translator.Tests.GuestMemoryRangeLoweringTests.CanonicalizesReusedEffectiveAddressCalculations" computerName="Chris-MacBook-Air-M2" duration="00:00:00.0002135" startTime="2026-08-28T14:13:53.7116790-05:00" endTime="2026-08-28T14:13:53.7116790-05:00" testType="13cdc9d9-ddb5-4fa4-a97d-d965ccfc6d4b" outcome="Passed" testListId="8c84fa94-04c1-424b-9868-57a2d4851a1d" relativeResultsDirectory="2782f509-d074-4c03-ae92-05f2d3d1e634" />
    <UnitTestResult executionId="429cbbb2-2853-4111-8830-84f5fa35c2ed" testId="8c0dd2d4-c5f3-3dd3-9ff9-77207daa768a" testName="Translator.Tests.LeafInliningTests.InliningIsOffUnlessRequested" computerName="Chris-MacBook-Air-M2" duration="00:00:00.0015659" startTime="2026-08-28T14:13:53.6508920-05:00" endTime="2026-08-28T14:13:53.6508920-05:00" testType="13cdc9d9-ddb5-4fa4-a97d-d965ccfc6d4b" outcome="Passed" testListId="8c84fa94-04c1-424b-9868-57a2d4851a1d" relativeResultsDirectory="429cbbb2-2853-4111-8830-84f5fa35c2ed" />
    <UnitTestResult executionId="360ace85-1fc4-4ae3-983e-3a7224a294dd" testId="b706ef57-7e95-22d7-0e7d-92c345652341" testName="Translator.Tests.DifferentialDisassemblyTests.DecoderMnemonicMatchesDolphinOracle(opcode: 1099038736, address: 2147483648, expectedMnemonic: &quot;beq&quot;)" computerName="Chris-MacBook-Air-M2" duration="00:00:00.2102009" startTime="2026-08-28T14:13:54.4187760-05:00" endTime="2026-08-28T14:13:54.4187760-05:00" testType="13cdc9d9-ddb5-4fa4-a97d-d965ccfc6d4b" outcome="Passed" testListId="8c84fa94-04c1-424b-9868-57a2d4851a1d" relativeResultsDirectory="360ace85-1fc4-4ae3-983e-3a7224a294dd" />
    <UnitTestResult executionId="d734e2ec-2f82-4c1f-86e8-c3566102497e" testId="f7f4d906-7236-b34b-57b8-2147712ee7c8" testName="Translator.Tests.FloatingLifterTests.LiftsAdditionalFpFallbackBranches(xo: 18, kind: &quot;binary&quot;, opOrTarget: &quot;fdiv&quot;)" computerName="Chris-MacBook-Air-M2" duration="00:00:00.0005296" startTime="2026-08-28T14:13:53.4138480-05:00" endTime="2026-08-28T14:13:53.4138480-05:00" testType="13cdc9d9-ddb5-4fa4-a97d-d965ccfc6d4b" outcome="Passed" testListId="8c84fa94-04c1-424b-9868-57a2d4851a1d" relativeResultsDirectory="d734e2ec-2f82-4c1f-86e8-c3566102497e" />
    <UnitTestResult executionId="5ae0b978-7694-475a-a577-9c49039e89ba" testId="1a0a9af7-6a9a-a701-d8a7-6df53d773ba2" testName="Translator.Tests.ModFunctionDiscoveryTests.DiscoversModuleDataPointerToLeafFunction" computerName="Chris-MacBook-Air-M2" duration="00:00:00.0009068" startTime="2026-08-28T14:13:53.8385430-05:00" endTime="2026-08-28T14:13:53.8385440-05:00" testType="13cdc9d9-ddb5-4fa4-a97d-d965ccfc6d4b" outcome="Passed" testListId="8c84fa94-04c1-424b-9868-57a2d4851a1d" relativeResultsDirectory="5ae0b978-7694-475a-a577-9c49039e89ba" />
    <UnitTestResult executionId="f88ef529-5eba-4395-b3df-27f706e87ed5" testId="0e17d6eb-bed6-c261-da2c-08f22ee49d1f" testName="Translator.Tests.FloatingLifterTests.LiftsFloatingCompareAndRawOpc59Forms" computerName="Chris-MacBook-Air-M2" duration="00:00:00.0066568" startTime="2026-08-28T14:13:53.4238220-05:00" endTime="2026-08-28T14:13:53.4238220-05:00" testType="13cdc9d9-ddb5-4fa4-a97d-d965ccfc6d4b" outcome="Passed" testListId="8c84fa94-04c1-424b-9868-57a2d4851a1d" relativeResultsDirectory="f88ef529-5eba-4395-b3df-27f706e87ed5" />
    <UnitTestResult executionId="696414ce-41ce-4e0b-b33f-8d2acc52a901" testId="b4fe11d0-e7b2-7626-3bf5-cd7934afb868" testName="Translator.Tests.FloatingLifterTests.LiftsFloatingBinaryDotMnemonics(mnemonic: &quot;fadd.&quot;, op: &quot;add&quot;)" computerName="Chris-MacBook-Air-M2" duration="00:00:00.0001996" startTime="2026-08-28T14:13:53.4101900-05:00" endTime="2026-08-28T14:13:53.4101900-05:00" testType="13cdc9d9-ddb5-4fa4-a97d-d965ccfc6d4b" outcome="Passed" testListId="8c84fa94-04c1-424b-9868-57a2d4851a1d" relativeResultsDirectory="696414ce-41ce-4e0b-b33f-8d2acc52a901" />
    <UnitTestResult executionId="49d3e294-5d16-45da-b1c7-298fe662d66b" testId="64d9e372-8a3c-5cf3-05ea-4d7d47ae67d0" testName="Translator.Tests.SsaTests.ContextBackedSpecialRegisterPhiAllowsImplicitLiveIn(register: &quot;gqr7&quot;)" computerName="Chris-MacBook-Air-M2" duration="00:00:00.0000440" startTime="2026-08-28T14:13:53.6910180-05:00" endTime="2026-08-28T14:13:53.6910180-05:00" testType="13cdc9d9-ddb5-4fa4-a97d-d965ccfc6d4b" outcome="Passed" testListId="8c84fa94-04c1-424b-9868-57a2d4851a1d" relativeResultsDirectory="49d3e294-5d16-45da-b1c7-298fe662d66b" />
    <UnitTestResult executionId="d5553b42-f2eb-420d-8516-75a3d3f1279e" testId="32204741-8f38-45ed-6c36-b26b1f9adf0e" testName="Translator.Tests.SdaAndGeneratorTests.DataSectionGeneratorChangesAssemblyWhenSameSizeBlobContentChanges" computerName="Chris-MacBook-Air-M2" duration="00:00:00.0022504" startTime="2026-08-28T14:13:53.7491490-05:00" endTime="2026-08-28T14:13:53.7491490-05:00" testType="13cdc9d9-ddb5-4fa4-a97d-d965ccfc6d4b" outcome="Passed" testListId="8c84fa94-04c1-424b-9868-57a2d4851a1d" relativeResultsDirectory="d5553b42-f2eb-420d-8516-75a3d3f1279e" />
    <UnitTestResult executionId="3b823c2e-6b39-48bc-9c7b-ba624103320d" testId="04eb7e51-8da2-0046-1e79-0d09d28df22a" testName="Translator.Tests.GuestMemoryRangeLoweringTests.StillHoistsStoresThroughAProvenMainMemoryBase" computerName="Chris-MacBook-Air-M2" duration="00:00:00.0004688" startTime="2026-08-28T14:13:53.7079800-05:00" endTime="2026-08-28T14:13:53.7079800-05:00" testType="13cdc9d9-ddb5-4fa4-a97d-d965ccfc6d4b" outcome="Passed" testListId="8c84fa94-04c1-424b-9868-57a2d4851a1d" relativeResultsDirectory="3b823c2e-6b39-48bc-9c7b-ba624103320d" />
    <UnitTestResult executionId="721dd1dc-b53d-4680-93e6-8dcec6fdcede" testId="e8fd5cdd-b721-46e1-3fed-813f97c63351" testName="Translator.Tests.InlineArithmeticTableCodeGenTests.ScalarArithmeticTargetsUseExpectedInlineHelper(target: &quot;PPC_Fsubs&quot;, expected: &quot;PpcForceSingleValueInline&quot;)" computerName="Chris-MacBook-Air-M2" duration="00:00:00.0001539" startTime="2026-08-28T14:13:53.6497710-05:00" endTime="2026-08-28T14:13:53.6497710-05:00" testType="13cdc9d9-ddb5-4fa4-a97d-d965ccfc6d4b" outcome="Passed" testListId="8c84fa94-04c1-424b-9868-57a2d4851a1d" relativeResultsDirectory="721dd1dc-b53d-4680-93e6-8dcec6fdcede" />
    <UnitTestResult executionId="d5abb5da-334b-462f-8e52-1cea65c1597f" testId="ae00c3e5-5a8d-51cd-4d45-0da55e0c094e" testName="Translator.Tests.JumpTableDetectorTests.RejectsUnreadableAndOutOfWindowTargets" computerName="Chris-MacBook-Air-M2" duration="00:00:00.0003052" startTime="2026-08-28T14:13:53.4776150-05:00" endTime="2026-08-28T14:13:53.4776150-05:00" testType="13cdc9d9-ddb5-4fa4-a97d-d965ccfc6d4b" outcome="Passed" testListId="8c84fa94-04c1-424b-9868-57a2d4851a1d" relativeResultsDirectory="d5abb5da-334b-462f-8e52-1cea65c1597f" />
    <UnitTestResult executionId="e90632f8-ed0d-453e-b215-2fe18a116b29" testId="09893b9a-13e3-f2df-ea6a-318c44d923b7" testName="Translator.Tests.FlagElisionCodeGenTests.ACalleeThatDoesNotReadTheFieldDoesNotKeepItAlive" computerName="Chris-MacBook-Air-M2" duration="00:00:00.0052191" startTime="2026-08-28T14:13:53.4053310-05:00" endTime="2026-08-28T14:13:53.4053310-05:00" testType="13cdc9d9-ddb5-4fa4-a97d-d965ccfc6d4b" outcome="Passed" testListId="8c84fa94-04c1-424b-9868-57a2d4851a1d" relativeResultsDirectory="e90632f8-ed0d-453e-b215-2fe18a116b29" />
    <UnitTestResult executionId="85c640f0-421a-4039-85ea-63c1a393d7a5" testId="2491bd69-a813-23c2-9a90-5264d14b4d8f" testName="Translator.Tests.FloatingLifterTests.LiftsFloatingBinaryDotMnemonics(mnemonic: &quot;fdiv.&quot;, op: &quot;fdiv&quot;)" computerName="Chris-MacBook-Air-M2" duration="00:00:00.0000483" startTime="2026-08-28T14:13:53.4118260-05:00" endTime="2026-08-28T14:13:53.4118260-05:00" testType="13cdc9d9-ddb5-4fa4-a97d-d965ccfc6d4b" outcome="Passed" testListId="8c84fa94-04c1-424b-9868-57a2d4851a1d" relativeResultsDirectory="85c640f0-421a-4039-85ea-63c1a393d7a5" />
    <UnitTestResult executionId="7fe059dd-382a-4ca9-9d43-e007b67e82c4" testId="76d8e131-5f74-c1e5-7c1a-d398fb230eeb" testName="Translator.Tests.PpcLifterHelperCoverageTests.HelperMethods_LiftCrLogicalAndIndexedPairedSingles" computerName="Chris-MacBook-Air-M2" duration="00:00:00.0103951" startTime="2026-08-28T14:13:53.3311230-05:00" endTime="2026-08-28T14:13:53.3311230-05:00" testType="13cdc9d9-ddb5-4fa4-a97d-d965ccfc6d4b" outcome="Passed" testListId="8c84fa94-04c1-424b-9868-57a2d4851a1d" relativeResultsDirectory="7fe059dd-382a-4ca9-9d43-e007b67e82c4" />
    <UnitTestResult executionId="c0a60d6b-483d-4ecf-a214-5349d53d805c" testId="a3458cd5-6149-c9a5-30a0-fd1cbf78d285" testName="Translator.Tests.ScalarPairedBoundaryCodeGenTests.NormalizesEveryPairedScalarHelperOperand(target: &quot;PPC_Fsubs&quot;, argumentCount: 2)" computerName="Chris-MacBook-Air-M2" duration="00:00:00.0004256" startTime="2026-08-28T14:13:53.4076510-05:00" endTime="2026-08-28T14:13:53.4076510-05:00" testType="13cdc9d9-ddb5-4fa4-a97d-d965ccfc6d4b" outcome="Passed" testListId="8c84fa94-04c1-424b-9868-57a2d4851a1d" relativeResultsDirectory="c0a60d6b-483d-4ecf-a214-5349d53d805c" />
    <UnitTestResult executionId="8c088363-5b59-491b-afcb-1345b8893742" testId="7ea63e47-ce92-4358-55fb-fdee3b8efd88" testName="Translator.Tests.GpuFifoBurstCodeGenTests.FloatStoresSerializeTheirIeeeBitsBigEndian" computerName="Chris-MacBook-Air-M2" duration="00:00:00.0172322" startTime="2026-08-28T14:13:53.7214850-05:00" endTime="2026-08-28T14:13:53.7214850-05:00" testType="13cdc9d9-ddb5-4fa4-a97d-d965ccfc6d4b" outcome="Passed" testListId="8c84fa94-04c1-424b-9868-57a2d4851a1d" relativeResultsDirectory="8c088363-5b59-491b-afcb-1345b8893742" />
    <UnitTestResult executionId="37aedbb2-4023-441f-93a8-88d5e51c7874" testId="e07cd2d5-d738-edbe-d82d-7440691a5586" testName="Translator.Tests.FlagElisionCodeGenTests.CompareIsNotFusedWhenTheBranchTestsTheSummaryOverflowBit" computerName="Chris-MacBook-Air-M2" duration="00:00:00.0004374" startTime="2026-08-28T14:13:53.4271050-05:00" endTime="2026-08-28T14:13:53.4271050-05:00" testType="13cdc9d9-ddb5-4fa4-a97d-d965ccfc6d4b" outcome="Passed" testListId="8c84fa94-04c1-424b-9868-57a2d4851a1d" relativeResultsDirectory="37aedbb2-4023-441f-93a8-88d5e51c7874" />
    <UnitTestResult executionId="b23812e3-6c86-43ce-a1bf-49d759f4723d" testId="1d86e704-b2ba-d8c6-efea-630fd5fe156e" testName="Translator.Tests.ResidentAbiCodeGenTests.GuestAbiContractModelsInlineGprThunkRegisterEffects" computerName="Chris-MacBook-Air-M2" duration="00:00:00.0001438" startTime="2026-08-28T14:13:53.6657380-05:00" endTime="2026-08-28T14:13:53.6657380-05:00" testType="13cdc9d9-ddb5-4fa4-a97d-d965ccfc6d4b" outcome="Passed" testListId="8c84fa94-04c1-424b-9868-57a2d4851a1d" relativeResultsDirectory="b23812e3-6c86-43ce-a1bf-49d759f4723d" />
    <UnitTestResult executionId="03ae37ef-9bb0-422e-8b85-47d47808e2c2" testId="90631587-9d32-a55b-1839-08a716158378" testName="Translator.Tests.StackAddressFactsTests.DoesNotAddCfgOrCommutedExpressionSemantics" computerName="Chris-MacBook-Air-M2" duration="00:00:00.0001335" startTime="2026-08-28T14:13:53.4805810-05:00" endTime="2026-08-28T14:13:53.4805810-05:00" testType="13cdc9d9-ddb5-4fa4-a97d-d965ccfc6d4b" outcome="Passed" testListId="8c84fa94-04c1-424b-9868-57a2d4851a1d" relativeResultsDirectory="03ae37ef-9bb0-422e-8b85-47d47808e2c2" />
    <UnitTestResult executionId="797afc12-ae14-4a71-93f4-931d7a7e16ec" testId="bfbc4ccc-e117-ee57-4da3-0cbd9a10a835" testName="Translator.Tests.ModFunctionDiscoveryTests.DiscoversSynthesizedLongLeafFunctionPointers" computerName="Chris-MacBook-Air-M2" duration="00:00:00.0050828" startTime="2026-08-28T14:13:53.8623050-05:00" endTime="2026-08-28T14:13:53.8623050-05:00" testType="13cdc9d9-ddb5-4fa4-a97d-d965ccfc6d4b" outcome="Passed" testListId="8c84fa94-04c1-424b-9868-57a2d4851a1d" relativeResultsDirectory="797afc12-ae14-4a71-93f4-931d7a7e16ec" />
    <UnitTestResult executionId="463524d4-45f5-4aa5-84cb-459d1876b4d2" testId="b4b974f3-018d-a969-e27f-3f8b0cf0d20c" testName="Translator.Tests.GuestMemoryRangeLoweringTests.RejectsSmallStraightLineGroupAsUnprofitable" computerName="Chris-MacBook-Air-M2" duration="00:00:00.0005552" startTime="2026-08-28T14:13:53.7267960-05:00" endTime="2026-08-28T14:13:53.7267960-05:00" testType="13cdc9d9-ddb5-4fa4-a97d-d965ccfc6d4b" outcome="Passed" testListId="8c84fa94-04c1-424b-9868-57a2d4851a1d" relativeResultsDirectory="463524d4-45f5-4aa5-84cb-459d1876b4d2" />
    <UnitTestResult executionId="8161a9fb-9680-42af-ad2f-bee49050f0be" testId="6d0b78f1-d242-444c-1841-28f0d7bb3922" testName="Translator.Tests.PpcOperandTests.FormatsDisplacementOperands" computerName="Chris-MacBook-Air-M2" duration="00:00:00.0000998" startTime="2026-08-28T14:13:53.4594830-05:00" endTime="2026-08-28T14:13:53.4594830-05:00" testType="13cdc9d9-ddb5-4fa4-a97d-d965ccfc6d4b" outcome="Passed" testListId="8c84fa94-04c1-424b-9868-57a2d4851a1d" relativeResultsDirectory="8161a9fb-9680-42af-ad2f-bee49050f0be" />
    <UnitTestResult executionId="fc67a4b5-e644-4f1a-a90d-bc8de8db0975" testId="338626fd-4e95-7d1a-737e-af555df3b97d" testName="Translator.Tests.LeafInliningTests.AnOversizedCalleeIsRejected" computerName="Chris-MacBook-Air-M2" duration="00:00:00.0061111" startTime="2026-08-28T14:13:53.4656120-05:00" endTime="2026-08-28T14:13:53.4656120-05:00" testType="13cdc9d9-ddb5-4fa4-a97d-d965ccfc6d4b" outcome="Passed" testListId="8c84fa94-04c1-424b-9868-57a2d4851a1d" relativeResultsDirectory="fc67a4b5-e644-4f1a-a90d-bc8de8db0975" />
    <UnitTestResult executionId="a9e11a8e-1447-4516-94be-97801ba36823" testId="28e8e167-1199-0605-5267-344d9d83e6df" testName="Translator.Tests.ModFunctionDiscoveryTests.DiscoversSynthesizedPointersWrittenToDifferentRegister" computerName="Chris-MacBook-Air-M2" duration="00:00:00.0343553" startTime="2026-08-28T14:13:53.8206010-05:00" endTime="2026-08-28T14:13:53.8206010-05:00" testType="13cdc9d9-ddb5-4fa4-a97d-d965ccfc6d4b" outcome="Passed" testListId="8c84fa94-04c1-424b-9868-57a2d4851a1d" relativeResultsDirectory="a9e11a8e-1447-4516-94be-97801ba36823" />
    <UnitTestResult executionId="46bbd878-4daa-48d5-bb67-2735b8736ac6" testId="6b01a4a6-0c4f-e0eb-34b2-023d64cabaf8" testName="Translator.Tests.InferredGuestFunctionAbiProviderDeterminismTests.MutuallyRecursiveFunctions_AreIndependentOfRootRequestOrder" computerName="Chris-MacBook-Air-M2" duration="00:00:00.0097644" startTime="2026-08-28T14:13:53.5052300-05:00" endTime="2026-08-28T14:13:53.5052310-05:00" testType="13cdc9d9-ddb5-4fa4-a97d-d965ccfc6d4b" outcome="Passed" testListId="8c84fa94-04c1-424b-9868-57a2d4851a1d" relativeResultsDirectory="46bbd878-4daa-48d5-bb67-2735b8736ac6" />
    <UnitTestResult executionId="1269d8f9-a683-4f00-8f9e-aa53ca42c4ba" testId="8665d8fe-bda1-db3a-1d3e-d181dbd92e25" testName="Translator.Tests.LeafInliningTests.AMultiBlockCalleeThatTouchesTheLinkRegisterIsRejected" computerName="Chris-MacBook-Air-M2" duration="00:00:00.0022810" startTime="2026-08-28T14:13:53.4778440-05:00" endTime="2026-08-28T14:13:53.4778440-05:00" testType="13cdc9d9-ddb5-4fa4-a97d-d965ccfc6d4b" outcome="Passed" testListId="8c84fa94-04c1-424b-9868-57a2d4851a1d" relativeResultsDirectory="1269d8f9-a683-4f00-8f9e-aa53ca42c4ba" />
    <UnitTestResult executionId="3ac01984-a185-4045-b63d-15f0ab509266" testId="c44ebe8d-5450-ecf5-7744-ef93ce5e56cb" testName="Translator.Tests.ModFunctionDiscoveryTests.KeepsPrologueScanScopedToOriginalCodeSize" computerName="Chris-MacBook-Air-M2" duration="00:00:00.0003661" startTime="2026-08-28T14:13:53.7883410-05:00" endTime="2026-08-28T14:13:53.7883410-05:00" testType="13cdc9d9-ddb5-4fa4-a97d-d965ccfc6d4b" outcome="Passed" testListId="8c84fa94-04c1-424b-9868-57a2d4851a1d" relativeResultsDirectory="3ac01984-a185-4045-b63d-15f0ab509266" />
    <UnitTestResult executionId="9e822070-43ed-4acb-b1a4-f20e7d823746" testId="f712c22c-60cd-1e7e-81bb-df1cfa019942" testName="Translator.Tests.ScalarPairedBoundaryCodeGenTests.NormalizesPairedOperandsForEveryScalarFloatOperator(operation: &quot;mul&quot;, consumesRightOperand: True)" computerName="Chris-MacBook-Air-M2" duration="00:00:00.0002286" startTime="2026-08-28T14:13:53.4333220-05:00" endTime="2026-08-28T14:13:53.4333220-05:00" testType="13cdc9d9-ddb5-4fa4-a97d-d965ccfc6d4b" outcome="Passed" testListId="8c84fa94-04c1-424b-9868-57a2d4851a1d" relativeResultsDirectory="9e822070-43ed-4acb-b1a4-f20e7d823746" />
    <UnitTestResult executionId="0abb8895-9700-407f-971f-80ee8d680a66" testId="ba87a4db-4cbd-0758-9fd0-643dc50501df" testName="Translator.Tests.ScalarPairedBoundaryCodeGenTests.NormalizesPairedOperandsForEveryScalarFloatOperator(operation: &quot;fcmp&quot;, consumesRightOperand: True)" computerName="Chris-MacBook-Air-M2" duration="00:00:00.0044436" startTime="2026-08-28T14:13:53.4305470-05:00" endTime="2026-08-28T14:13:53.4305470-05:00" testType="13cdc9d9-ddb5-4fa4-a97d-d965ccfc6d4b" outcome="Passed" testListId="8c84fa94-04c1-424b-9868-57a2d4851a1d" relativeResultsDirectory="0abb8895-9700-407f-971f-80ee8d680a66" />
    <UnitTestResult executionId="a2916865-7203-4c76-be0f-902e20b8fe4b" testId="2adb0f81-4b5c-3f62-4267-ee395b7f701d" testName="Translator.Tests.TransactionalDirectoryOutputTests.FailedGenerationLeavesLastKnownGoodOutputUntouched" computerName="Chris-MacBook-Air-M2" duration="00:00:00.0076907" startTime="2026-08-28T14:13:53.7219890-05:00" endTime="2026-08-28T14:13:53.7219890-05:00" testType="13cdc9d9-ddb5-4fa4-a97d-d965ccfc6d4b" outcome="Passed" testListId="8c84fa94-04c1-424b-9868-57a2d4851a1d" relativeResultsDirectory="a2916865-7203-4c76-be0f-902e20b8fe4b" />
    <UnitTestResult executionId="9b9aa11b-d23a-47a8-954c-15dfb1d55f88" testId="6d3d0664-ab4c-8285-59dc-bb060a98e6ab" testName="Translator.Tests.InlineArithmeticTableCodeGenTests.PairedArithmeticTargetsUseExpectedInlineHelper(target: &quot;PPC_PsAdd&quot;, expected: &quot;PPC_PsAddInline&quot;)" computerName="Chris-MacBook-Air-M2" duration="00:00:00.0006217" startTime="2026-08-28T14:13:53.6746770-05:00" endTime="2026-08-28T14:13:53.6746780-05:00" testType="13cdc9d9-ddb5-4fa4-a97d-d965ccfc6d4b" outcome="Passed" testListId="8c84fa94-04c1-424b-9868-57a2d4851a1d" relativeResultsDirectory="9b9aa11b-d23a-47a8-954c-15dfb1d55f88" />
    <UnitTestResult executionId="43fef73e-e46e-48dc-97d9-9c166913572a" testId="90e945b1-f49d-6b78-934c-a2344f2fe7ae" testName="Translator.Tests.PpcDecoderPrimary31Tests.DecodesShiftFloatingAndCacheForms" computerName="Chris-MacBook-Air-M2" duration="00:00:00.0009739" startTime="2026-08-28T14:13:53.4815780-05:00" endTime="2026-08-28T14:13:53.4815780-05:00" testType="13cdc9d9-ddb5-4fa4-a97d-d965ccfc6d4b" outcome="Passed" testListId="8c84fa94-04c1-424b-9868-57a2d4851a1d" relativeResultsDirectory="43fef73e-e46e-48dc-97d9-9c166913572a" />
    <UnitTestResult executionId="e8b59860-f914-4dbe-8467-5b1c3d523455" testId="5f8bd948-56f9-3e7a-0f1a-5c4de4493879" testName="Translator.Tests.PpcDecoderPrimary31Tests.DecodesXoFormArithmeticAndCompareMnemonics" computerName="Chris-MacBook-Air-M2" duration="00:00:00.0009077" startTime="2026-08-28T14:13:53.4824000-05:00" endTime="2026-08-28T14:13:53.4824000-05:00" testType="13cdc9d9-ddb5-4fa4-a97d-d965ccfc6d4b" outcome="Passed" testListId="8c84fa94-04c1-424b-9868-57a2d4851a1d" relativeResultsDirectory="e8b59860-f914-4dbe-8467-5b1c3d523455" />
    <UnitTestResult executionId="d9e55717-f298-4d74-9ae6-207e6d0144d6" testId="207fa8a9-56cb-0e58-5d55-253d6481595f" testName="Translator.Tests.PairedSingleLifterTests.LiftsRawOpc4AliasesForCompareMoveAndIndexedMemory" computerName="Chris-MacBook-Air-M2" duration="00:00:00.0005167" startTime="2026-08-28T14:13:53.6974370-05:00" endTime="2026-08-28T14:13:53.6974370-05:00" testType="13cdc9d9-ddb5-4fa4-a97d-d965ccfc6d4b" outcome="Passed" testListId="8c84fa94-04c1-424b-9868-57a2d4851a1d" relativeResultsDirectory="d9e55717-f298-4d74-9ae6-207e6d0144d6" />
    <UnitTestResult executionId="c2d26998-6b3e-4664-b0e0-c0537a5df94b" testId="1e86e420-20db-8c08-3c66-0922c503cb67" testName="Translator.Tests.GqrConstantPropagationTests.LoopAndOutOfOrderBlocksDoNotEraseEstablishedConstants" computerName="Chris-MacBook-Air-M2" duration="00:00:00.0005148" startTime="2026-08-28T14:13:53.4928130-05:00" endTime="2026-08-28T14:13:53.4928130-05:00" testType="13cdc9d9-ddb5-4fa4-a97d-d965ccfc6d4b" outcome="Passed" testListId="8c84fa94-04c1-424b-9868-57a2d4851a1d" relativeResultsDirectory="c2d26998-6b3e-4664-b0e0-c0537a5df94b" />
    <UnitTestResult executionId="9358e9ef-7f3b-4a2e-beee-1d9cd87f77fc" testId="6c54b7c1-6557-ca77-0e7b-bc97dc56f006" testName="Translator.Tests.FloatingLifterTests.LiftsFloatingUnaryMnemonics(mnemonic: &quot;fneg&quot;, op: &quot;fneg&quot;)" computerName="Chris-MacBook-Air-M2" duration="00:00:00.0012322" startTime="2026-08-28T14:13:53.4089190-05:00" endTime="2026-08-28T14:13:53.4089190-05:00" testType="13cdc9d9-ddb5-4fa4-a97d-d965ccfc6d4b" outcome="Passed" testListId="8c84fa94-04c1-424b-9868-57a2d4851a1d" relativeResultsDirectory="9358e9ef-7f3b-4a2e-beee-1d9cd87f77fc" />
    <UnitTestResult executionId="f40265b4-7fc1-4d77-a755-36f16d8df047" testId="bad5c15b-c44f-1290-410b-7522f6a17f6e" testName="Translator.Tests.DifferentialDisassemblyTests.DecoderMnemonicMatchesDolphinOracle(opcode: 1012957240, address: 2147483648, expectedMnemonic: &quot;lis&quot;)" computerName="Chris-MacBook-Air-M2" duration="00:00:00.2016087" startTime="2026-08-28T14:13:54.6205690-05:00" endTime="2026-08-28T14:13:54.6205690-05:00" testType="13cdc9d9-ddb5-4fa4-a97d-d965ccfc6d4b" outcome="Passed" testListId="8c84fa94-04c1-424b-9868-57a2d4851a1d" relativeResultsDirectory="f40265b4-7fc1-4d77-a755-36f16d8df047" />
    <UnitTestResult executionId="50ee2675-67b1-411d-a938-3b7d7ae04e07" testId="3d20b8d3-cf5b-09f7-00c4-a1340d463787" testName="Translator.Tests.BigEndianBinaryReaderTests.ThrowsOnShortReads" computerName="Chris-MacBook-Air-M2" duration="00:00:00.0015966" startTime="2026-08-28T14:13:53.6933140-05:00" endTime="2026-08-28T14:13:53.6933140-05:00" testType="13cdc9d9-ddb5-4fa4-a97d-d965ccfc6d4b" outcome="Passed" testListId="8c84fa94-04c1-424b-9868-57a2d4851a1d" relativeResultsDirectory="50ee2675-67b1-411d-a938-3b7d7ae04e07" />
    <UnitTestResult executionId="7928c5ee-40fc-4baa-afe1-808de8234d68" testId="bdefbde1-bab2-f2cb-3800-a5ceacfe1949" testName="Translator.Tests.SsaTests.SetCrOperandsAreRenamed" computerName="Chris-MacBook-Air-M2" duration="00:00:00.0011125" startTime="2026-08-28T14:13:53.6827630-05:00" endTime="2026-08-28T14:13:53.6827630-05:00" testType="13cdc9d9-ddb5-4fa4-a97d-d965ccfc6d4b" outcome="Passed" testListId="8c84fa94-04c1-424b-9868-57a2d4851a1d" relativeResultsDirectory="7928c5ee-40fc-4baa-afe1-808de8234d68" />
    <UnitTestResult executionId="d9961949-0bb8-4d79-9870-0a65731aeab5" testId="7d229ebb-5a58-f79e-6734-c9034668db07" testName="Translator.Tests.InlineArithmeticTableCodeGenTests.PairedArithmeticTargetsUseExpectedInlineHelper(target: &quot;PPC_PsSum0&quot;, expected: &quot;PPC_PsSum0Inline&quot;)" computerName="Chris-MacBook-Air-M2" duration="00:00:00.0002170" startTime="2026-08-28T14:13:53.6557810-05:00" endTime="2026-08-28T14:13:53.6557810-05:00" testType="13cdc9d9-ddb5-4fa4-a97d-d965ccfc6d4b" outcome="Passed" testListId="8c84fa94-04c1-424b-9868-57a2d4851a1d" relativeResultsDirectory="d9961949-0bb8-4d79-9870-0a65731aeab5" />
[...]
    <TestEntry testId="44c9b341-f3f8-c3a8-15b8-f5d2b33bdb30" executionId="e5874bd3-439a-48f6-929e-a8c9e2545766" testListId="8c84fa94-04c1-424b-9868-57a2d4851a1d" />
    <TestEntry testId="95a301dc-201f-c59b-ca76-0bf4fc939775" executionId="cd9a12dd-84bb-4307-850c-ee7944e7f10d" testListId="8c84fa94-04c1-424b-9868-57a2d4851a1d" />
    <TestEntry testId="4eebd6ce-df32-94c8-9b40-ff2690bcde94" executionId="2ff7ab67-f951-4444-a7a5-3662cadb9ff7" testListId="8c84fa94-04c1-424b-9868-57a2d4851a1d" />
    <TestEntry testId="84f92889-3533-5846-a801-c83c851d66ff" executionId="2b7acac4-ca86-44e4-8cf1-b091332130f5" testListId="8c84fa94-04c1-424b-9868-57a2d4851a1d" />
    <TestEntry testId="a05ea227-84b5-c67a-5511-125dcd29c4c0" executionId="a66b2948-154e-4699-b180-0b51a6a595b2" testListId="8c84fa94-04c1-424b-9868-57a2d4851a1d" />
    <TestEntry testId="9f1a07f9-c82c-903d-9f8e-e67fe7eb416e" executionId="9af339e6-4e17-4bf9-a4b4-3d95bbe31a38" testListId="8c84fa94-04c1-424b-9868-57a2d4851a1d" />
    <TestEntry testId="0d8c6b3f-be75-db54-cf70-2372ba41c309" executionId="9a1df5e6-94f8-4975-b262-798b75c93109" testListId="8c84fa94-04c1-424b-9868-57a2d4851a1d" />
    <TestEntry testId="00a0700f-1739-c3ad-99da-d59dc5caa1f7" executionId="a790c5ed-48e7-4621-9fc3-9a34f912954d" testListId="8c84fa94-04c1-424b-9868-57a2d4851a1d" />
    <TestEntry testId="5d80a7b6-6d1c-01e8-bd59-c272a741ad43" executionId="29a8e8e6-fd85-471b-859e-9e81e8a84445" testListId="8c84fa94-04c1-424b-9868-57a2d4851a1d" />
    <TestEntry testId="30b76cf0-56b4-8e35-0a58-43acec5d6b41" executionId="91cdbcef-c754-4dd7-b8a5-21fae4a00306" testListId="8c84fa94-04c1-424b-9868-57a2d4851a1d" />
    <TestEntry testId="75104aa5-8d7c-455a-c914-832756e8407b" executionId="774b72f8-7662-444a-b27a-59f2f873edec" testListId="8c84fa94-04c1-424b-9868-57a2d4851a1d" />
    <TestEntry testId="cfdc56e2-9545-8389-8f0f-29ac4ef71ca8" executionId="7dba559d-cdcc-453e-bb1e-4829634fd140" testListId="8c84fa94-04c1-424b-9868-57a2d4851a1d" />
    <TestEntry testId="3e17f3cb-c162-0b1a-0eee-0b45afdec463" executionId="02601012-ac88-4c9f-9496-14a43fb2bc0c" testListId="8c84fa94-04c1-424b-9868-57a2d4851a1d" />
    <TestEntry testId="97eb1a6d-0f37-d172-7cb1-afca8898ad62" executionId="cda78dbe-2387-4123-b472-4c91dc363f0b" testListId="8c84fa94-04c1-424b-9868-57a2d4851a1d" />
    <TestEntry testId="46ca3a33-686d-c4a7-002b-18d76bb7bf4a" executionId="8823d4d7-c664-4472-b8c1-dc1d4f7b19be" testListId="8c84fa94-04c1-424b-9868-57a2d4851a1d" />
    <TestEntry testId="b24c7279-d57d-17ce-8377-73ae2a2d42b5" executionId="553e12be-4464-455d-ac03-c0855bd3d02a" testListId="8c84fa94-04c1-424b-9868-57a2d4851a1d" />
    <TestEntry testId="d1993e27-f461-9cc2-541a-c1b2605e4253" executionId="df64db7a-1123-498d-a011-ed7e0b36b2c6" testListId="8c84fa94-04c1-424b-9868-57a2d4851a1d" />
    <TestEntry testId="d2da45a3-f17a-e38a-ba80-dd9732bde4d2" executionId="d1d149e5-fb20-4caf-9933-8a9ca73679cc" testListId="8c84fa94-04c1-424b-9868-57a2d4851a1d" />
    <TestEntry testId="d8a4a06d-af27-c8d0-6161-184456f8eacc" executionId="8c770a31-84f8-4962-b121-636417618e76" testListId="8c84fa94-04c1-424b-9868-57a2d4851a1d" />
    <TestEntry testId="e6414c1e-1c43-6062-f80a-db4b9792d13d" executionId="cf7e664b-a8de-42f5-89fb-f4c4c4415e2f" testListId="8c84fa94-04c1-424b-9868-57a2d4851a1d" />
    <TestEntry testId="01ffce3e-926a-7d70-99ad-3a1ffb5ad5b9" executionId="cbf5c3d8-37f0-498f-8487-f3ff936a3680" testListId="8c84fa94-04c1-424b-9868-57a2d4851a1d" />
    <TestEntry testId="299d79bb-c5a5-30a7-5aac-c2ff809103be" executionId="1f2f485e-b7f3-4670-9d29-9e1794de2cd6" testListId="8c84fa94-04c1-424b-9868-57a2d4851a1d" />
    <TestEntry testId="eba3597c-0ea3-8ba5-e9f6-d76fa34156a8" executionId="4bb8c547-2ea7-4594-8ad9-54253e608878" testListId="8c84fa94-04c1-424b-9868-57a2d4851a1d" />
    <TestEntry testId="4fcc5f1f-1182-7a4c-d471-995a4f071b0b" executionId="ac6d1e72-8005-45ea-a177-8e6235e91995" testListId="8c84fa94-04c1-424b-9868-57a2d4851a1d" />
    <TestEntry testId="2a3b4a8d-e620-f5ad-ce34-ffd404a45688" executionId="1d6a4564-d198-4493-bdb1-4b6f62018bbd" testListId="8c84fa94-04c1-424b-9868-57a2d4851a1d" />
    <TestEntry testId="ae688554-8b92-31c2-339a-834ce94fe38a" executionId="2aa69744-6623-44c9-bb70-0952e1b14e09" testListId="8c84fa94-04c1-424b-9868-57a2d4851a1d" />
    <TestEntry testId="5c8f066f-3af7-4043-df9f-f7e386076f96" executionId="8c868e9a-e293-4258-885f-11ac588c7508" testListId="8c84fa94-04c1-424b-9868-57a2d4851a1d" />
    <TestEntry testId="2ccde0fb-56bd-9690-6ad9-18154d7bcb6c" executionId="94ba27b3-de07-4f2c-886d-a0899e1bef3a" testListId="8c84fa94-04c1-424b-9868-57a2d4851a1d" />
    <TestEntry testId="7b75acc7-5ed6-4e90-f249-9b302b5fedab" executionId="108a3395-f9f0-4c48-956e-3deba11dbc16" testListId="8c84fa94-04c1-424b-9868-57a2d4851a1d" />
    <TestEntry testId="16e88a11-e628-37ec-83de-45f8e1f742de" executionId="7598f5a9-3a27-4173-827b-b8bd0e0aebae" testListId="8c84fa94-04c1-424b-9868-57a2d4851a1d" />
    <TestEntry testId="23b69809-de8a-810e-68d7-85360a8039ac" executionId="9017c5d6-e16f-406c-a097-6b30c71d63fe" testListId="8c84fa94-04c1-424b-9868-57a2d4851a1d" />
    <TestEntry testId="17c104f9-365d-ba1f-69b5-777ae36cc188" executionId="d1814a5b-cc34-4c97-a610-b4baf908b766" testListId="8c84fa94-04c1-424b-9868-57a2d4851a1d" />
    <TestEntry testId="aa0614fb-d300-0bf1-ba8d-dc8936b95671" executionId="2e2a2375-9f98-48f3-a1d1-452f92fff184" testListId="8c84fa94-04c1-424b-9868-57a2d4851a1d" />
    <TestEntry testId="63b56e79-b378-e43d-0c5f-9e0527838832" executionId="7ff08cce-1410-437f-aa7a-dffa9a48a8c9" testListId="8c84fa94-04c1-424b-9868-57a2d4851a1d" />
    <TestEntry testId="a74db33d-1791-5cd4-9aee-50470ab69620" executionId="66f8958c-a33f-4708-8fae-6b51836eebcc" testListId="8c84fa94-04c1-424b-9868-57a2d4851a1d" />
    <TestEntry testId="e1969fc2-3542-97c3-b85c-714879443a4d" executionId="d7d0ad44-1f12-4e88-8f52-866533de9141" testListId="8c84fa94-04c1-424b-9868-57a2d4851a1d" />
    <TestEntry testId="d8c0a6d5-600a-89ce-acf4-13e93317e566" executionId="0c8e0849-de7d-4227-8185-6a1a0f0384e1" testListId="8c84fa94-04c1-424b-9868-57a2d4851a1d" />
    <TestEntry testId="c29608b1-597e-8db1-0c5e-4eeb76aba9f9" executionId="0dc4c798-536b-40e9-b613-389dc50f2124" testListId="8c84fa94-04c1-424b-9868-57a2d4851a1d" />
    <TestEntry testId="0f536ca2-f45a-1348-965f-5dab70ec188e" executionId="06d64139-f461-4ce4-a840-2c54696a6ae2" testListId="8c84fa94-04c1-424b-9868-57a2d4851a1d" />
    <TestEntry testId="ebb11a04-8e6b-9c7e-0eca-0e8f8f56b480" executionId="f09a819d-474a-4cd5-95a6-1ca2b77f941b" testListId="8c84fa94-04c1-424b-9868-57a2d4851a1d" />
    <TestEntry testId="f8e4790b-9b8e-d95a-0c8b-aa7cc0161c2c" executionId="669d3926-6cde-4f49-8485-5007a5dbf540" testListId="8c84fa94-04c1-424b-9868-57a2d4851a1d" />
    <TestEntry testId="e4093ed9-8413-f948-e4bf-281e3ff1de25" executionId="933bcf77-2313-410e-8215-4bd5a4fb7434" testListId="8c84fa94-04c1-424b-9868-57a2d4851a1d" />
    <TestEntry testId="75bb3164-dbbc-c011-368a-2c96991f89f0" executionId="2315dc21-9aca-4388-9855-44fc12528a86" testListId="8c84fa94-04c1-424b-9868-57a2d4851a1d" />
    <TestEntry testId="7b4e0164-2e64-27d5-e693-c470574ed6c3" executionId="8cba8cb9-1d75-4fb9-9366-717302697f8a" testListId="8c84fa94-04c1-424b-9868-57a2d4851a1d" />
    <TestEntry testId="6463e724-d2fd-088f-8d95-fc8b37d073ce" executionId="8d4b8031-136c-4ea6-b61e-019dfafeddde" testListId="8c84fa94-04c1-424b-9868-57a2d4851a1d" />
    <TestEntry testId="30d5fb62-3d3c-054b-3e6f-8c113b08d803" executionId="84e7546f-e1f0-479e-9f1a-7e6b1b67b4a4" testListId="8c84fa94-04c1-424b-9868-57a2d4851a1d" />
    <TestEntry testId="740c89d5-be01-3dd9-9ed1-26fc34b7826c" executionId="015da6b6-1e32-4fb8-9051-d38ec677d2ef" testListId="8c84fa94-04c1-424b-9868-57a2d4851a1d" />
    <TestEntry testId="8b26f022-e974-de1e-590a-b1d4912b3926" executionId="ecb6d5ec-a17b-4a3a-ad40-d6495ab05c9a" testListId="8c84fa94-04c1-424b-9868-57a2d4851a1d" />
    <TestEntry testId="1ba68c5c-3571-2eb6-a051-3f4d77a8efda" executionId="b582b158-b3a2-464d-b358-c26e69e2ca86" testListId="8c84fa94-04c1-424b-9868-57a2d4851a1d" />
    <TestEntry testId="8078105d-6d65-a44f-e78a-9db6d1ad6ffa" executionId="f998aa8f-f435-4c17-a465-67f07bf25238" testListId="8c84fa94-04c1-424b-9868-57a2d4851a1d" />
    <TestEntry testId="6422e42b-c197-dab7-f008-a7f0995a9278" executionId="79039622-bb1c-4195-a895-c932a69094ec" testListId="8c84fa94-04c1-424b-9868-57a2d4851a1d" />
    <TestEntry testId="9a5e948e-1557-d460-a5ad-5d8419af6100" executionId="4d2348a7-338c-49dc-bcc6-552536860aa7" testListId="8c84fa94-04c1-424b-9868-57a2d4851a1d" />
    <TestEntry testId="e42542d9-2b2b-da46-0e56-8dead57743ca" executionId="b9c298d7-a9b9-4721-90bd-ce422e6fbf59" testListId="8c84fa94-04c1-424b-9868-57a2d4851a1d" />
    <TestEntry testId="70e87372-4a3e-7b1d-b131-336c6717b93f" executionId="08407411-79a0-4adb-b4c1-a75b1e26fb4e" testListId="8c84fa94-04c1-424b-9868-57a2d4851a1d" />
    <TestEntry testId="122e27f1-5dae-23dc-c1d7-a2e595302a37" executionId="2788c10a-78a1-4bbe-b2d9-e1b9680759c3" testListId="8c84fa94-04c1-424b-9868-57a2d4851a1d" />
    <TestEntry testId="16fd3137-5f36-b9f3-b84a-f6fde9ba2a50" executionId="2d51030e-deb9-4325-88dd-c20f4fed14f1" testListId="8c84fa94-04c1-424b-9868-57a2d4851a1d" />
    <TestEntry testId="dbdfbd0b-7f57-183f-9c27-207615df3d40" executionId="22545708-117e-4acb-98b2-f88ce47bd1fb" testListId="8c84fa94-04c1-424b-9868-57a2d4851a1d" />
    <TestEntry testId="b70dd919-8b3e-b6c2-c516-bac8a013939f" executionId="826dde8e-888c-4345-ae33-8ce4cffd23d1" testListId="8c84fa94-04c1-424b-9868-57a2d4851a1d" />
    <TestEntry testId="2384096b-7ef6-1fae-d0d4-53e3f54c4cd5" executionId="3e4bd89e-f1ce-4860-abbc-8a7db6fde026" testListId="8c84fa94-04c1-424b-9868-57a2d4851a1d" />
    <TestEntry testId="7aedcd58-bb6c-de82-60d1-cc7d952dfbb3" executionId="fb4a1c28-c1a6-4f01-8ae6-87200faeb70b" testListId="8c84fa94-04c1-424b-9868-57a2d4851a1d" />
    <TestEntry testId="25423cb8-cb9a-e06b-181c-9840ded3b09b" executionId="07c335ae-c991-4f52-958c-68035a6cb48a" testListId="8c84fa94-04c1-424b-9868-57a2d4851a1d" />
    <TestEntry testId="21074664-7ac4-b001-6002-a66be99c4ef3" executionId="8f4ad726-a676-4d1b-9294-685a1e37a91e" testListId="8c84fa94-04c1-424b-9868-57a2d4851a1d" />
    <TestEntry testId="32e8a437-e422-19c2-4b8c-419c49036e37" executionId="9a17d2a7-fb82-42a3-9127-3baf10b3ad1a" testListId="8c84fa94-04c1-424b-9868-57a2d4851a1d" />
    <TestEntry testId="5746fc35-f64f-91bf-0c4f-1f729b959413" executionId="043ffa66-b0ca-4033-889d-456cb34c29d5" testListId="8c84fa94-04c1-424b-9868-57a2d4851a1d" />
    <TestEntry testId="c3a1155c-4f40-5ada-b8b8-e4262c7fb6d0" executionId="ef48d50c-020a-4beb-af9d-5035c2fbbeaf" testListId="8c84fa94-04c1-424b-9868-57a2d4851a1d" />
    <TestEntry testId="936dc07a-9307-0a71-8673-56adcd0ebe86" executionId="9788b685-d8c6-4e51-b042-3457ad274c03" testListId="8c84fa94-04c1-424b-9868-57a2d4851a1d" />
    <TestEntry testId="ac77f907-c4e8-8e10-c900-c44abc56bca2" executionId="6c8f04d6-2cc3-41fd-8184-ed7108790dac" testListId="8c84fa94-04c1-424b-9868-57a2d4851a1d" />
    <TestEntry testId="20d381c9-f5e4-f346-be6e-3c7548cfe78a" executionId="23ccb35d-7830-4260-9cc1-076ce73040a7" testListId="8c84fa94-04c1-424b-9868-57a2d4851a1d" />
    <TestEntry testId="ab1b2915-b28a-dcd0-4ccb-bbfba0224782" executionId="a425d5ad-4f85-4d21-8bff-5aaf6fdc0a54" testListId="8c84fa94-04c1-424b-9868-57a2d4851a1d" />
    <TestEntry testId="fc10953b-3781-a35c-b635-b974cf9596b7" executionId="bfce6c50-3967-454b-90a4-37924da0815b" testListId="8c84fa94-04c1-424b-9868-57a2d4851a1d" />
    <TestEntry testId="867d4a94-f52b-76be-6acb-7d7b246af3fa" executionId="28d43045-b149-43da-b1c4-ca0ab1bfeb37" testListId="8c84fa94-04c1-424b-9868-57a2d4851a1d" />
    <TestEntry testId="6f18fd05-efed-5dcc-3211-3dc3efbd20c2" executionId="84b4fdcf-095a-488e-a311-86978ba0fc1e" testListId="8c84fa94-04c1-424b-9868-57a2d4851a1d" />
    <TestEntry testId="d6d6477b-5b65-58aa-485d-a7944430ca1e" executionId="c3d52fbf-8e1d-46ef-874c-f3f1be630033" testListId="8c84fa94-04c1-424b-9868-57a2d4851a1d" />
    <TestEntry testId="b44acc53-72a1-db2c-fd45-d76e88881220" executionId="9de57a1e-414c-4c50-ae32-385f06e3a733" testListId="8c84fa94-04c1-424b-9868-57a2d4851a1d" />
    <TestEntry testId="ed08ffee-9b36-b8b5-993e-aedadc00b5a1" executionId="360a3b3b-bcb4-4002-974b-1e7cfbdda378" testListId="8c84fa94-04c1-424b-9868-57a2d4851a1d" />
    <TestEntry testId="76235c90-f65d-9df5-e716-686eba7e075b" executionId="b2022c82-d183-45f8-bfa7-56b3b9ec7e49" testListId="8c84fa94-04c1-424b-9868-57a2d4851a1d" />
    <TestEntry testId="2d7c72bc-fa3a-ac73-6833-ff5bea3d7fd6" executionId="9bb5266e-2e51-411b-a1be-11660276c3cf" testListId="8c84fa94-04c1-424b-9868-57a2d4851a1d" />
    <TestEntry testId="41ec6664-e952-75ff-bee3-77466e638cd3" executionId="eaab5fa3-e7f1-4309-94e8-8edcf76a4196" testListId="8c84fa94-04c1-424b-9868-57a2d4851a1d" />
    <TestEntry testId="8c3a0ce3-255f-2ed4-9fb5-545b6080b954" executionId="9982bc1a-6899-40dc-87d5-325de7820d17" testListId="8c84fa94-04c1-424b-9868-57a2d4851a1d" />
    <TestEntry testId="47169223-c70d-9c23-8515-cab58a9ecb90" executionId="a81cb806-7658-44c7-a77a-833e0e0ba084" testListId="8c84fa94-04c1-424b-9868-57a2d4851a1d" />
    <TestEntry testId="0df5dab2-c36d-aa44-759e-2dcfbb2458a1" executionId="0e3cfaa7-556d-45b8-91ac-2eba46d57522" testListId="8c84fa94-04c1-424b-9868-57a2d4851a1d" />
    <TestEntry testId="2ed44c7d-83ed-6d78-9120-849db22c63e2" executionId="7a958477-be27-44ec-9f3c-db939311ac13" testListId="8c84fa94-04c1-424b-9868-57a2d4851a1d" />
    <TestEntry testId="50a98fe8-23ed-d2b6-2b5b-62c46aacf2e8" executionId="cddc238a-ff59-4b84-91e3-6c09e38743b2" testListId="8c84fa94-04c1-424b-9868-57a2d4851a1d" />
    <TestEntry testId="14965af0-71f6-bb5d-07b7-666c3110a141" executionId="70993695-89a0-4b4b-9e1a-33a2f7649889" testListId="8c84fa94-04c1-424b-9868-57a2d4851a1d" />
    <TestEntry testId="dd56d39a-0eef-cd02-5910-8ee5e95d3b23" executionId="516c9cd4-6788-4fd5-abce-9cd0e91b17fb" testListId="8c84fa94-04c1-424b-9868-57a2d4851a1d" />
    <TestEntry testId="c81673c8-0fa4-b2e1-e8cd-766bc138aa7d" executionId="1ead4da4-a771-4264-a29a-92c1c6fbe7ff" testListId="8c84fa94-04c1-424b-9868-57a2d4851a1d" />
    <TestEntry testId="71ec461d-a0b1-eb21-c5d4-f1a144cce2f4" executionId="89d8c04a-6a17-4c7a-a80b-6669d5d77b2d" testListId="8c84fa94-04c1-424b-9868-57a2d4851a1d" />
    <TestEntry testId="2fe89a08-d917-6c65-b965-04178c78d265" executionId="ba1a767c-286b-4313-a682-e81ce247f68f" testListId="8c84fa94-04c1-424b-9868-57a2d4851a1d" />
    <TestEntry testId="501d61f5-84f0-d1fc-c2b1-1ec35f71682f" executionId="b190e979-9ff5-46da-92b5-8db34fbe188e" testListId="8c84fa94-04c1-424b-9868-57a2d4851a1d" />
    <TestEntry testId="4ff45cf6-d450-704a-d4d2-c151bf506abf" executionId="508dfe8a-1d75-463a-8e41-f8e318afff01" testListId="8c84fa94-04c1-424b-9868-57a2d4851a1d" />
    <TestEntry testId="603e2d9e-561b-4a26-fd3a-1456059c2a8e" executionId="0ad481f8-43a2-4274-8046-41d97764e3d6" testListId="8c84fa94-04c1-424b-9868-57a2d4851a1d" />
    <TestEntry testId="217b8248-000e-95dd-3c78-d41b9ef57888" executionId="9566db99-ea3e-47e8-b028-b2efced105ef" testListId="8c84fa94-04c1-424b-9868-57a2d4851a1d" />
    <TestEntry testId="1905890c-4dab-7b4e-8e1e-e3b199d916da" executionId="e993e2b0-85a6-42d5-89ef-cf1c0f1f8b19" testListId="8c84fa94-04c1-424b-9868-57a2d4851a1d" />
    <TestEntry testId="4eaae5ff-f5b2-8243-513c-196d1630d285" executionId="1f77b8cf-88b7-485a-a557-c2c429e1064a" testListId="8c84fa94-04c1-424b-9868-57a2d4851a1d" />
    <TestEntry testId="4a821cf3-bed1-78fb-17fa-5e7636d2d489" executionId="9f024f48-8ffb-4c55-bae7-ae7d54621354" testListId="8c84fa94-04c1-424b-9868-57a2d4851a1d" />
    <TestEntry testId="ae747dcb-69f9-0edb-14d4-e8b5e1abcd9f" executionId="f4db7e0a-d4fa-4f7d-b60f-8d80af34e569" testListId="8c84fa94-04c1-424b-9868-57a2d4851a1d" />
    <TestEntry testId="9b3e61ec-c056-0136-6861-43fe4472be4a" executionId="ff2abff1-a2e6-4b28-86cb-7f1db358df2d" testListId="8c84fa94-04c1-424b-9868-57a2d4851a1d" />
    <TestEntry testId="eb423242-50e7-04f6-bba0-83c16dac37b3" executionId="f381a29e-67e0-48eb-b05b-18f881bb3128" testListId="8c84fa94-04c1-424b-9868-57a2d4851a1d" />
    <TestEntry testId="8be95a7d-8e62-93f5-d308-c24d4b07ef29" executionId="e23ef8c8-64e0-41a7-9ebd-cc99d8e6bf57" testListId="8c84fa94-04c1-424b-9868-57a2d4851a1d" />
    <TestEntry testId="8169d456-71d0-ae42-0790-a55ca229c743" executionId="2ab8bb2f-d03d-4cd3-aa6f-11bfcea3ae4d" testListId="8c84fa94-04c1-424b-9868-57a2d4851a1d" />
    <TestEntry testId="8810eb5d-7f4f-e50d-bc24-d3399d9600df" executionId="5b8f534b-0fb8-41ee-b0d1-3c55268b6e99" testListId="8c84fa94-04c1-424b-9868-57a2d4851a1d" />
    <TestEntry testId="50b46ca1-99e9-7bef-1ab4-b21037b50d91" executionId="cf6c7422-da27-4726-9dbc-97a6ea06c0e3" testListId="8c84fa94-04c1-424b-9868-57a2d4851a1d" />
    <TestEntry testId="ea56a7fa-795c-f86a-4c24-4d20cd42abc4" executionId="e9ebb71e-a331-470e-b656-fae582924e44" testListId="8c84fa94-04c1-424b-9868-57a2d4851a1d" />
    <TestEntry testId="4dca5a8d-0c62-047f-42fd-920e3ba81619" executionId="15762fd9-2633-4b89-8372-23d7580c369c" testListId="8c84fa94-04c1-424b-9868-57a2d4851a1d" />
    <TestEntry testId="e0464614-9333-547a-a679-db738b326ad9" executionId="94b37671-126d-4672-8880-1268eb64ed67" testListId="8c84fa94-04c1-424b-9868-57a2d4851a1d" />
    <TestEntry testId="8eafd2ed-0e78-1e55-96cf-824ed714a2e7" executionId="bfefdddf-340b-40ac-9133-1e8cea1b3866" testListId="8c84fa94-04c1-424b-9868-57a2d4851a1d" />
    <TestEntry testId="c33dba1d-be72-bae5-e342-b38d838c295a" executionId="7daf1346-4d49-4373-aeac-ecdf8bb38fda" testListId="8c84fa94-04c1-424b-9868-57a2d4851a1d" />
    <TestEntry testId="794f754e-ec26-9dc5-39c2-9084ea93cae6" executionId="10cae2a3-bda5-42e2-bebd-3a67b5d19e86" testListId="8c84fa94-04c1-424b-9868-57a2d4851a1d" />
    <TestEntry testId="90698887-96d5-19b7-272b-c14600be1962" executionId="d73922b4-4561-44d3-a8ee-c0b741f2548b" testListId="8c84fa94-04c1-424b-9868-57a2d4851a1d" />
    <TestEntry testId="56f7809b-76f4-2845-4d60-da34f89b3337" executionId="c8acc0da-81d7-4b1f-aec1-cbf7472bf0ed" testListId="8c84fa94-04c1-424b-9868-57a2d4851a1d" />
    <TestEntry testId="3b255d8b-924e-618d-a263-db6059d2396e" executionId="2e4bed90-5f60-4eac-a872-8caf9de67e92" testListId="8c84fa94-04c1-424b-9868-57a2d4851a1d" />
    <TestEntry testId="396b72e9-3e8c-ba78-3f45-db50f051ce96" executionId="6222ebd1-3917-4c44-a6fd-b658d49f943d" testListId="8c84fa94-04c1-424b-9868-57a2d4851a1d" />
    <TestEntry testId="9f587e61-f246-bbdc-e8c8-7974f31180fa" executionId="d2cd7737-0c33-46b4-9a75-7ae0ea8b2937" testListId="8c84fa94-04c1-424b-9868-57a2d4851a1d" />
    <TestEntry testId="45fbd0f2-9d82-b41c-5ac3-9ace0c8decfc" executionId="f87f9499-0a8b-4d86-aeaf-a548ad1339b5" testListId="8c84fa94-04c1-424b-9868-57a2d4851a1d" />
    <TestEntry testId="5be46ee4-6a6b-dbce-13cc-c527b4b7ceca" executionId="e9de3590-769e-4a97-863e-5a6d49f7ad67" testListId="8c84fa94-04c1-424b-9868-57a2d4851a1d" />
  </TestEntries>
  <TestLists>
    <TestList name="Results Not in a List" id="8c84fa94-04c1-424b-9868-57a2d4851a1d" />
    <TestList name="All Loaded Results" id="19431567-8539-422a-85d7-44ee4e166bda" />
  </TestLists>
  <ResultSummary outcome="Completed">
    <Counters total="570" executed="570" passed="570" failed="0" error="0" timeout="0" aborted="0" inconclusive="0" passedButRunAborted="0" notRunnable="0" notExecuted="0" disconnected="0" warning="0" completed="0" inProgress="0" pending="0" />
    <Output>
      <StdOut>[xUnit.net 00:00:00.00] xUnit.net VSTest Adapter v2.4.5+1caef2f33e (64-bit .NET 8.0.30)
[xUnit.net 00:00:00.25]   Discovering: Translator.Tests
[xUnit.net 00:00:00.31]   Discovered:  Translator.Tests
[xUnit.net 00:00:00.32]   Starting:    Translator.Tests
[xUnit.net 00:00:01.88]   Finished:    Translator.Tests
</StdOut>
    </Output>
  </ResultSummary>
</TestRun>